23:38:58 **** Incremental Build of configuration Debug for project BMS_teste ****
make all 
make: Nothing to be done for 'all'.
23:39:09 **** Incremental Build of configuration Debug for project BMS_teste ****
make all 
make: Nothing to be done for 'all'.
23:39:21 **** Incremental Build of configuration Debug for project BMS_teste ****
make all 
make: Nothing to be done for 'all'.
23:39:34 **** Incremental Build of configuration Debug for project BMS_teste ****
make all 
make: Nothing to be done for 'all'.
23:40:07 **** Incremental Build of configuration Debug for project BMS_teste ****
make all 
make: Nothing to be done for 'all'.
23:40:20 **** Incremental Build of configuration Debug for project BMS_teste ****
make all 
make: Nothing to be done for 'all'.
23:53:52 **** Incremental Build of configuration Debug for project BMS_teste ****
make all 
make: Nothing to be done for 'all'.
23:54:11 **** Incremental Build of configuration Debug for project BMS_teste ****
make all 
make: Nothing to be done for 'all'.
23:55:03 **** Incremental Build of configuration Debug for project BMS_teste ****
make all 
make: Nothing to be done for 'all'.
10:21:53 **** Incremental Build of configuration Debug for project BMS_teste ****
make all 
make: Nothing to be done for 'all'.
10:21:58 **** Incremental Build of configuration Debug for project BMS_teste ****
make all 
make: Nothing to be done for 'all'.
10:22:09 **** Incremental Build of configuration Debug for project BMS_teste ****
make all 
make: Nothing to be done for 'all'.
10:22:28 **** Incremental Build of configuration Debug for project BMS_teste ****
make all 
make: Nothing to be done for 'all'.
10:22:43 **** Incremental Build of configuration Debug for project BMS_teste ****
make all 
make: Nothing to be done for 'all'.
10:22:54 **** Incremental Build of configuration Debug for project BMS_teste ****
make all 
make: Nothing to be done for 'all'.
10:23:07 **** Incremental Build of configuration Debug for project BMS_teste ****
make all 
make: Nothing to be done for 'all'.
10:28:59 **** Incremental Build of configuration Debug for project BMS_teste ****
make all 
make: Nothing to be done for 'all'.
10:29:57 **** Incremental Build of configuration Debug for project BMS_teste ****
make all 
make: Nothing to be done for 'all'.
13:18:46 **** Incremental Build of configuration Debug for project BMS_teste ****
make all 
Building file: ../Src/BMS.c
Invoking: MCU GCC Compiler
C:\Users\Rodolfo Lessa\Desktop\BMS_rep_of\BMS_teste\Debug
arm-none-eabi-gcc -mcpu=cortex-m3 -mthumb -mfloat-abi=soft '-D__weak=__attribute__((weak))' '-D__packed=__attribute__((__packed__))' -DUSE_HAL_DRIVER -DSTM32F103xB -I"C:/Users/Rodolfo Lessa/Desktop/BMS_rep_of/BMS_teste/Inc" -I"C:/Users/Rodolfo Lessa/Desktop/BMS_rep_of/BMS_teste/Drivers/STM32F1xx_HAL_Driver/Inc" -I"C:/Users/Rodolfo Lessa/Desktop/BMS_rep_of/BMS_teste/Drivers/STM32F1xx_HAL_Driver/Inc/Legacy" -I"C:/Users/Rodolfo Lessa/Desktop/BMS_rep_of/BMS_teste/Drivers/CMSIS/Device/ST/STM32F1xx/Include" -I"C:/Users/Rodolfo Lessa/Desktop/BMS_rep_of/BMS_teste/Drivers/CMSIS/Include"  -Og -g3 -Wall -fmessage-length=0 -ffunction-sections -c -fmessage-length=0 -MMD -MP -MF"Src/BMS.d" -MT"Src/BMS.o" -o "Src/BMS.o" "../Src/BMS.c"
../Src/BMS.c: In function 'BMS_init':
../Src/BMS.c:84:2: warning: implicit declaration of function 'CAN_ConfigFilter' [-Wimplicit-function-declaration]
  CAN_ConfigFilter();
  ^~~~~~~~~~~~~~~~
../Src/BMS.c:85:2: warning: implicit declaration of function 'CAN_ConfigFrames' [-Wimplicit-function-declaration]
  CAN_ConfigFrames();
  ^~~~~~~~~~~~~~~~
../Src/BMS.c:86:2: warning: implicit declaration of function 'CAN_Receive' [-Wimplicit-function-declaration]
  CAN_Receive();
  ^~~~~~~~~~~
../Src/BMS.c: In function 'BMS_communication':
../Src/BMS.c:200:2: warning: implicit declaration of function 'UART_print' [-Wimplicit-function-declaration]
  UART_print("\n\n%d\n\n", BMS->charge);
  ^~~~~~~~~~
../Src/BMS.c: In function 'BMS_can':
../Src/BMS.c:370:3: warning: this 'if' clause does not guard... [-Wmisleading-indentation]
   if(BMS->sensor_v[i]->v_min_cell < v_min)
   ^~
../Src/BMS.c:372:4: note: ...this statement, but the latter is misleadingly indented as if it is guarded by the 'if'
    aux = i;
    ^~~
../Src/BMS.c:413:5: warning: implicit declaration of function 'CAN_Transmit' [-Wimplicit-function-declaration]
     CAN_Transmit(can_vector, CAN_ID_TABLE[i][j]);
     ^~~~~~~~~~~~
../Src/BMS.c:415:5: warning: implicit declaration of function 'sendString' [-Wimplicit-function-declaration]
     sendString(CAN_ID_TABLE[i][j], BMS->sensor_v[i]->v_cell[(j * 4)],
     ^~~~~~~~~~
Finished building: ../Src/BMS.c
 
Building target: BMS_teste.elf
Invoking: MCU GCC Linker
arm-none-eabi-gcc -mcpu=cortex-m3 -mthumb -mfloat-abi=soft -specs=nosys.specs -specs=nano.specs -T"../STM32F103C8Tx_FLASH.ld" -Wl,-Map=output.map -Wl,--gc-sections -o "BMS_teste.elf" @"objects.list"   -lm
Src/BMS.o: In function `BMS_can':
C:\Users\Rodolfo Lessa\Desktop\BMS_rep_of\BMS_teste\Debug/../Src/BMS.c:415: undefined reference to `sendString'
C:\Users\Rodolfo Lessa\Desktop\BMS_rep_of\BMS_teste\Debug/../Src/BMS.c:489: undefined reference to `sendString'
C:\Users\Rodolfo Lessa\Desktop\BMS_rep_of\BMS_teste\Debug/../Src/BMS.c:507: undefined reference to `sendString'
C:\Users\Rodolfo Lessa\Desktop\BMS_rep_of\BMS_teste\Debug/../Src/BMS.c:524: undefined reference to `sendString'
C:\Users\Rodolfo Lessa\Desktop\BMS_rep_of\BMS_teste\Debug/../Src/BMS.c:537: undefined reference to `sendString'
collect2.exe: error: ld returned 1 exit status
makefile:35: recipe for target 'BMS_teste.elf' failed
make: *** [BMS_teste.elf] Error 1
13:19:01 **** Incremental Build of configuration Debug for project BMS_teste ****
make all 
Building target: BMS_teste.elf
Invoking: MCU GCC Linker
arm-none-eabi-gcc -mcpu=cortex-m3 -mthumb -mfloat-abi=soft -specs=nosys.specs -specs=nano.specs -T"../STM32F103C8Tx_FLASH.ld" -Wl,-Map=output.map -Wl,--gc-sections -o "BMS_teste.elf" @"objects.list"   -lm
Src/BMS.o: In function `BMS_can':
C:\Users\Rodolfo Lessa\Desktop\BMS_rep_of\BMS_teste\Debug/../Src/BMS.c:415: undefined reference to `sendString'
C:\Users\Rodolfo Lessa\Desktop\BMS_rep_of\BMS_teste\Debug/../Src/BMS.c:489: undefined reference to `sendString'
C:\Users\Rodolfo Lessa\Desktop\BMS_rep_of\BMS_teste\Debug/../Src/BMS.c:507: undefined reference to `sendString'
C:\Users\Rodolfo Lessa\Desktop\BMS_rep_of\BMS_teste\Debug/../Src/BMS.c:524: undefined reference to `sendString'
C:\Users\Rodolfo Lessa\Desktop\BMS_rep_of\BMS_teste\Debug/../Src/BMS.c:537: undefined reference to `sendString'
collect2.exe: error: ld returned 1 exit status
makefile:35: recipe for target 'BMS_teste.elf' failed
make: *** [BMS_teste.elf] Error 1
13:23:09 **** Incremental Build of configuration Debug for project BMS_teste ****
make all 
Building file: ../Src/BMS.c
Invoking: MCU GCC Compiler
C:\Users\Rodolfo Lessa\Desktop\BMS_rep_of\BMS_teste\Debug
arm-none-eabi-gcc -mcpu=cortex-m3 -mthumb -mfloat-abi=soft '-D__weak=__attribute__((weak))' '-D__packed=__attribute__((__packed__))' -DUSE_HAL_DRIVER -DSTM32F103xB -I"C:/Users/Rodolfo Lessa/Desktop/BMS_rep_of/BMS_teste/Inc" -I"C:/Users/Rodolfo Lessa/Desktop/BMS_rep_of/BMS_teste/Drivers/STM32F1xx_HAL_Driver/Inc" -I"C:/Users/Rodolfo Lessa/Desktop/BMS_rep_of/BMS_teste/Drivers/STM32F1xx_HAL_Driver/Inc/Legacy" -I"C:/Users/Rodolfo Lessa/Desktop/BMS_rep_of/BMS_teste/Drivers/CMSIS/Device/ST/STM32F1xx/Include" -I"C:/Users/Rodolfo Lessa/Desktop/BMS_rep_of/BMS_teste/Drivers/CMSIS/Include"  -Og -g3 -Wall -fmessage-length=0 -ffunction-sections -c -fmessage-length=0 -MMD -MP -MF"Src/BMS.d" -MT"Src/BMS.o" -o "Src/BMS.o" "../Src/BMS.c"
../Src/BMS.c: In function 'BMS_init':
../Src/BMS.c:87:2: warning: implicit declaration of function 'CAN_ConfigFilter' [-Wimplicit-function-declaration]
  CAN_ConfigFilter();
  ^~~~~~~~~~~~~~~~
../Src/BMS.c:88:2: warning: implicit declaration of function 'CAN_ConfigFrames' [-Wimplicit-function-declaration]
  CAN_ConfigFrames();
  ^~~~~~~~~~~~~~~~
../Src/BMS.c:89:2: warning: implicit declaration of function 'CAN_Receive' [-Wimplicit-function-declaration]
  CAN_Receive();
  ^~~~~~~~~~~
../Src/BMS.c: In function 'BMS_communication':
../Src/BMS.c:203:2: warning: implicit declaration of function 'UART_print' [-Wimplicit-function-declaration]
  UART_print("\n\n%d\n\n", BMS->charge);
  ^~~~~~~~~~
../Src/BMS.c: In function 'BMS_uart':
../Src/BMS.c:555:2: warning: implicit declaration of function 'UART_print_error_flag' [-Wimplicit-function-declaration]
  UART_print_error_flag(BMS->error_flag);
  ^~~~~~~~~~~~~~~~~~~~~
../Src/BMS.c:569:5: warning: implicit declaration of function 'UART_print_float' [-Wimplicit-function-declaration]
     UART_print_float((float)BMS->sensor_v[i]->v_cell[j]/10000);
     ^~~~~~~~~~~~~~~~
../Src/BMS.c: At top level:
../Src/BMS.c:618:1: error: expected identifier or '(' before '}' token
 }
 ^
../Src/BMS.c:33:23: warning: 'CAN_ID_TABLE' defined but not used [-Wunused-const-variable=]
 static const uint16_t CAN_ID_TABLE[8][5] = {
                       ^~~~~~~~~~~~
Src/subdir.mk:78: recipe for target 'Src/BMS.o' failed
make: *** [Src/BMS.o] Error 1
13:23:30 **** Incremental Build of configuration Debug for project BMS_teste ****
make all 
Building file: ../Src/BMS.c
Invoking: MCU GCC Compiler
C:\Users\Rodolfo Lessa\Desktop\BMS_rep_of\BMS_teste\Debug
arm-none-eabi-gcc -mcpu=cortex-m3 -mthumb -mfloat-abi=soft '-D__weak=__attribute__((weak))' '-D__packed=__attribute__((__packed__))' -DUSE_HAL_DRIVER -DSTM32F103xB -I"C:/Users/Rodolfo Lessa/Desktop/BMS_rep_of/BMS_teste/Inc" -I"C:/Users/Rodolfo Lessa/Desktop/BMS_rep_of/BMS_teste/Drivers/STM32F1xx_HAL_Driver/Inc" -I"C:/Users/Rodolfo Lessa/Desktop/BMS_rep_of/BMS_teste/Drivers/STM32F1xx_HAL_Driver/Inc/Legacy" -I"C:/Users/Rodolfo Lessa/Desktop/BMS_rep_of/BMS_teste/Drivers/CMSIS/Device/ST/STM32F1xx/Include" -I"C:/Users/Rodolfo Lessa/Desktop/BMS_rep_of/BMS_teste/Drivers/CMSIS/Include"  -Og -g3 -Wall -fmessage-length=0 -ffunction-sections -c -fmessage-length=0 -MMD -MP -MF"Src/BMS.d" -MT"Src/BMS.o" -o "Src/BMS.o" "../Src/BMS.c"
../Src/BMS.c: In function 'BMS_init':
../Src/BMS.c:87:2: warning: implicit declaration of function 'CAN_ConfigFilter' [-Wimplicit-function-declaration]
  CAN_ConfigFilter();
  ^~~~~~~~~~~~~~~~
../Src/BMS.c:88:2: warning: implicit declaration of function 'CAN_ConfigFrames' [-Wimplicit-function-declaration]
  CAN_ConfigFrames();
  ^~~~~~~~~~~~~~~~
../Src/BMS.c:89:2: warning: implicit declaration of function 'CAN_Receive' [-Wimplicit-function-declaration]
  CAN_Receive();
  ^~~~~~~~~~~
../Src/BMS.c: In function 'BMS_communication':
../Src/BMS.c:203:2: warning: implicit declaration of function 'UART_print' [-Wimplicit-function-declaration]
  UART_print("\n\n%d\n\n", BMS->charge);
  ^~~~~~~~~~
../Src/BMS.c: In function 'BMS_uart':
../Src/BMS.c:556:2: warning: implicit declaration of function 'UART_print_error_flag' [-Wimplicit-function-declaration]
  UART_print_error_flag(BMS->error_flag);
  ^~~~~~~~~~~~~~~~~~~~~
../Src/BMS.c:570:5: warning: implicit declaration of function 'UART_print_float' [-Wimplicit-function-declaration]
     UART_print_float((float)BMS->sensor_v[i]->v_cell[j]/10000);
     ^~~~~~~~~~~~~~~~
At top level:
../Src/BMS.c:33:23: warning: 'CAN_ID_TABLE' defined but not used [-Wunused-const-variable=]
 static const uint16_t CAN_ID_TABLE[8][5] = {
                       ^~~~~~~~~~~~
Finished building: ../Src/BMS.c
 
Building target: BMS_teste.elf
Invoking: MCU GCC Linker
arm-none-eabi-gcc -mcpu=cortex-m3 -mthumb -mfloat-abi=soft -specs=nosys.specs -specs=nano.specs -T"../STM32F103C8Tx_FLASH.ld" -Wl,-Map=output.map -Wl,--gc-sections -o "BMS_teste.elf" @"objects.list"   -lm
Src/BMS.o: In function `BMS_communication':
C:\Users\Rodolfo Lessa\Desktop\BMS_rep_of\BMS_teste\Debug/../Src/BMS.c:209: undefined reference to `BMS_can'
C:\Users\Rodolfo Lessa\Desktop\BMS_rep_of\BMS_teste\Debug/../Src/BMS.c:214: undefined reference to `BMS_can'
collect2.exe: error: ld returned 1 exit status
makefile:35: recipe for target 'BMS_teste.elf' failed
make: *** [BMS_teste.elf] Error 1
13:23:50 **** Incremental Build of configuration Debug for project BMS_teste ****
make all 
Building file: ../Src/BMS.c
Invoking: MCU GCC Compiler
C:\Users\Rodolfo Lessa\Desktop\BMS_rep_of\BMS_teste\Debug
arm-none-eabi-gcc -mcpu=cortex-m3 -mthumb -mfloat-abi=soft '-D__weak=__attribute__((weak))' '-D__packed=__attribute__((__packed__))' -DUSE_HAL_DRIVER -DSTM32F103xB -I"C:/Users/Rodolfo Lessa/Desktop/BMS_rep_of/BMS_teste/Inc" -I"C:/Users/Rodolfo Lessa/Desktop/BMS_rep_of/BMS_teste/Drivers/STM32F1xx_HAL_Driver/Inc" -I"C:/Users/Rodolfo Lessa/Desktop/BMS_rep_of/BMS_teste/Drivers/STM32F1xx_HAL_Driver/Inc/Legacy" -I"C:/Users/Rodolfo Lessa/Desktop/BMS_rep_of/BMS_teste/Drivers/CMSIS/Device/ST/STM32F1xx/Include" -I"C:/Users/Rodolfo Lessa/Desktop/BMS_rep_of/BMS_teste/Drivers/CMSIS/Include"  -Og -g3 -Wall -fmessage-length=0 -ffunction-sections -c -fmessage-length=0 -MMD -MP -MF"Src/BMS.d" -MT"Src/BMS.o" -o "Src/BMS.o" "../Src/BMS.c"
../Src/BMS.c: In function 'BMS_init':
../Src/BMS.c:87:2: warning: implicit declaration of function 'CAN_ConfigFilter' [-Wimplicit-function-declaration]
  CAN_ConfigFilter();
  ^~~~~~~~~~~~~~~~
../Src/BMS.c:88:2: warning: implicit declaration of function 'CAN_ConfigFrames' [-Wimplicit-function-declaration]
  CAN_ConfigFrames();
  ^~~~~~~~~~~~~~~~
../Src/BMS.c:89:2: warning: implicit declaration of function 'CAN_Receive' [-Wimplicit-function-declaration]
  CAN_Receive();
  ^~~~~~~~~~~
../Src/BMS.c: In function 'BMS_communication':
../Src/BMS.c:203:2: warning: implicit declaration of function 'UART_print' [-Wimplicit-function-declaration]
  UART_print("\n\n%d\n\n", BMS->charge);
  ^~~~~~~~~~
../Src/BMS.c: In function 'BMS_uart':
../Src/BMS.c:556:2: warning: implicit declaration of function 'UART_print_error_flag' [-Wimplicit-function-declaration]
  UART_print_error_flag(BMS->error_flag);
  ^~~~~~~~~~~~~~~~~~~~~
../Src/BMS.c:570:5: warning: implicit declaration of function 'UART_print_float' [-Wimplicit-function-declaration]
     UART_print_float((float)BMS->sensor_v[i]->v_cell[j]/10000);
     ^~~~~~~~~~~~~~~~
At top level:
../Src/BMS.c:33:23: warning: 'CAN_ID_TABLE' defined but not used [-Wunused-const-variable=]
 static const uint16_t CAN_ID_TABLE[8][5] = {
                       ^~~~~~~~~~~~
Finished building: ../Src/BMS.c
 
Building target: BMS_teste.elf
Invoking: MCU GCC Linker
arm-none-eabi-gcc -mcpu=cortex-m3 -mthumb -mfloat-abi=soft -specs=nosys.specs -specs=nano.specs -T"../STM32F103C8Tx_FLASH.ld" -Wl,-Map=output.map -Wl,--gc-sections -o "BMS_teste.elf" @"objects.list"   -lm
Finished building target: BMS_teste.elf
 
make --no-print-directory post-build
Generating hex and Printing size information:
arm-none-eabi-objcopy -O ihex "BMS_teste.elf" "BMS_teste.hex"
arm-none-eabi-size "BMS_teste.elf"
   text	   data	    bss	    dec	    hex	filename
  27456	    148	   3360	  30964	   78f4	BMS_teste.elf
 
13:28:28 **** Incremental Build of configuration Debug for project BMS_teste ****
make all 
Building file: ../Src/BMS.c
Invoking: MCU GCC Compiler
C:\Users\Rodolfo Lessa\Desktop\BMS_rep_of\BMS_teste\Debug
arm-none-eabi-gcc -mcpu=cortex-m3 -mthumb -mfloat-abi=soft '-D__weak=__attribute__((weak))' '-D__packed=__attribute__((__packed__))' -DUSE_HAL_DRIVER -DSTM32F103xB -I"C:/Users/Rodolfo Lessa/Desktop/BMS_rep_of/BMS_teste/Inc" -I"C:/Users/Rodolfo Lessa/Desktop/BMS_rep_of/BMS_teste/Drivers/STM32F1xx_HAL_Driver/Inc" -I"C:/Users/Rodolfo Lessa/Desktop/BMS_rep_of/BMS_teste/Drivers/STM32F1xx_HAL_Driver/Inc/Legacy" -I"C:/Users/Rodolfo Lessa/Desktop/BMS_rep_of/BMS_teste/Drivers/CMSIS/Device/ST/STM32F1xx/Include" -I"C:/Users/Rodolfo Lessa/Desktop/BMS_rep_of/BMS_teste/Drivers/CMSIS/Include"  -Og -g3 -Wall -fmessage-length=0 -ffunction-sections -c -fmessage-length=0 -MMD -MP -MF"Src/BMS.d" -MT"Src/BMS.o" -o "Src/BMS.o" "../Src/BMS.c"
../Src/BMS.c: In function 'BMS_init':
../Src/BMS.c:87:2: warning: implicit declaration of function 'CAN_ConfigFilter' [-Wimplicit-function-declaration]
  CAN_ConfigFilter();
  ^~~~~~~~~~~~~~~~
../Src/BMS.c:88:2: warning: implicit declaration of function 'CAN_ConfigFrames' [-Wimplicit-function-declaration]
  CAN_ConfigFrames();
  ^~~~~~~~~~~~~~~~
../Src/BMS.c:89:2: warning: implicit declaration of function 'CAN_Receive' [-Wimplicit-function-declaration]
  CAN_Receive();
  ^~~~~~~~~~~
../Src/BMS.c: In function 'BMS_communication':
../Src/BMS.c:203:2: warning: implicit declaration of function 'UART_print' [-Wimplicit-function-declaration]
  UART_print("\n\n%d\n\n", BMS->charge);
  ^~~~~~~~~~
../Src/BMS.c: In function 'BMS_uart':
../Src/BMS.c:556:2: warning: implicit declaration of function 'UART_print_error_flag' [-Wimplicit-function-declaration]
  UART_print_error_flag(BMS->error_flag);
  ^~~~~~~~~~~~~~~~~~~~~
../Src/BMS.c:584:5: warning: implicit declaration of function 'UART_print_float' [-Wimplicit-function-declaration]
     UART_print_float((float)BMS->sensor_v[i]->t_cell[j]/1000);
     ^~~~~~~~~~~~~~~~
At top level:
../Src/BMS.c:33:23: warning: 'CAN_ID_TABLE' defined but not used [-Wunused-const-variable=]
 static const uint16_t CAN_ID_TABLE[8][5] = {
                       ^~~~~~~~~~~~
Finished building: ../Src/BMS.c
 
Building target: BMS_teste.elf
Invoking: MCU GCC Linker
arm-none-eabi-gcc -mcpu=cortex-m3 -mthumb -mfloat-abi=soft -specs=nosys.specs -specs=nano.specs -T"../STM32F103C8Tx_FLASH.ld" -Wl,-Map=output.map -Wl,--gc-sections -o "BMS_teste.elf" @"objects.list"   -lm
Finished building target: BMS_teste.elf
 
make --no-print-directory post-build
Generating hex and Printing size information:
arm-none-eabi-objcopy -O ihex "BMS_teste.elf" "BMS_teste.hex"
arm-none-eabi-size "BMS_teste.elf"
   text	   data	    bss	    dec	    hex	filename
  27452	    148	   3360	  30960	   78f0	BMS_teste.elf
 
13:30:36 **** Incremental Build of configuration Debug for project BMS_teste ****
make all 
Building file: ../Src/BMS.c
Invoking: MCU GCC Compiler
C:\Users\Rodolfo Lessa\Desktop\BMS_rep_of\BMS_teste\Debug
arm-none-eabi-gcc -mcpu=cortex-m3 -mthumb -mfloat-abi=soft '-D__weak=__attribute__((weak))' '-D__packed=__attribute__((__packed__))' -DUSE_HAL_DRIVER -DSTM32F103xB -I"C:/Users/Rodolfo Lessa/Desktop/BMS_rep_of/BMS_teste/Inc" -I"C:/Users/Rodolfo Lessa/Desktop/BMS_rep_of/BMS_teste/Drivers/STM32F1xx_HAL_Driver/Inc" -I"C:/Users/Rodolfo Lessa/Desktop/BMS_rep_of/BMS_teste/Drivers/STM32F1xx_HAL_Driver/Inc/Legacy" -I"C:/Users/Rodolfo Lessa/Desktop/BMS_rep_of/BMS_teste/Drivers/CMSIS/Device/ST/STM32F1xx/Include" -I"C:/Users/Rodolfo Lessa/Desktop/BMS_rep_of/BMS_teste/Drivers/CMSIS/Include"  -Og -g3 -Wall -fmessage-length=0 -ffunction-sections -c -fmessage-length=0 -MMD -MP -MF"Src/BMS.d" -MT"Src/BMS.o" -o "Src/BMS.o" "../Src/BMS.c"
../Src/BMS.c: In function 'BMS_init':
../Src/BMS.c:87:2: warning: implicit declaration of function 'CAN_ConfigFilter' [-Wimplicit-function-declaration]
  CAN_ConfigFilter();
  ^~~~~~~~~~~~~~~~
../Src/BMS.c:88:2: warning: implicit declaration of function 'CAN_ConfigFrames' [-Wimplicit-function-declaration]
  CAN_ConfigFrames();
  ^~~~~~~~~~~~~~~~
../Src/BMS.c:89:2: warning: implicit declaration of function 'CAN_Receive' [-Wimplicit-function-declaration]
  CAN_Receive();
  ^~~~~~~~~~~
../Src/BMS.c: In function 'BMS_uart':
../Src/BMS.c:554:2: warning: implicit declaration of function 'UART_print' [-Wimplicit-function-declaration]
  UART_print("\n\n\n\n"  );//HEADER
  ^~~~~~~~~~
../Src/BMS.c:556:2: warning: implicit declaration of function 'UART_print_error_flag' [-Wimplicit-function-declaration]
  UART_print_error_flag(BMS->error_flag);
  ^~~~~~~~~~~~~~~~~~~~~
../Src/BMS.c:584:5: warning: implicit declaration of function 'UART_print_float' [-Wimplicit-function-declaration]
     UART_print_float((float)BMS->sensor_v[i]->t_cell[j]/1000);
     ^~~~~~~~~~~~~~~~
At top level:
../Src/BMS.c:33:23: warning: 'CAN_ID_TABLE' defined but not used [-Wunused-const-variable=]
 static const uint16_t CAN_ID_TABLE[8][5] = {
                       ^~~~~~~~~~~~
Finished building: ../Src/BMS.c
 
Building target: BMS_teste.elf
Invoking: MCU GCC Linker
arm-none-eabi-gcc -mcpu=cortex-m3 -mthumb -mfloat-abi=soft -specs=nosys.specs -specs=nano.specs -T"../STM32F103C8Tx_FLASH.ld" -Wl,-Map=output.map -Wl,--gc-sections -o "BMS_teste.elf" @"objects.list"   -lm
Finished building target: BMS_teste.elf
 
make --no-print-directory post-build
Generating hex and Printing size information:
arm-none-eabi-objcopy -O ihex "BMS_teste.elf" "BMS_teste.hex"
arm-none-eabi-size "BMS_teste.elf"
   text	   data	    bss	    dec	    hex	filename
  27436	    148	   3360	  30944	   78e0	BMS_teste.elf
 
13:31:53 **** Incremental Build of configuration Debug for project BMS_teste ****
make all 
Building file: ../Src/BMS.c
Invoking: MCU GCC Compiler
C:\Users\Rodolfo Lessa\Desktop\BMS_rep_of\BMS_teste\Debug
arm-none-eabi-gcc -mcpu=cortex-m3 -mthumb -mfloat-abi=soft '-D__weak=__attribute__((weak))' '-D__packed=__attribute__((__packed__))' -DUSE_HAL_DRIVER -DSTM32F103xB -I"C:/Users/Rodolfo Lessa/Desktop/BMS_rep_of/BMS_teste/Inc" -I"C:/Users/Rodolfo Lessa/Desktop/BMS_rep_of/BMS_teste/Drivers/STM32F1xx_HAL_Driver/Inc" -I"C:/Users/Rodolfo Lessa/Desktop/BMS_rep_of/BMS_teste/Drivers/STM32F1xx_HAL_Driver/Inc/Legacy" -I"C:/Users/Rodolfo Lessa/Desktop/BMS_rep_of/BMS_teste/Drivers/CMSIS/Device/ST/STM32F1xx/Include" -I"C:/Users/Rodolfo Lessa/Desktop/BMS_rep_of/BMS_teste/Drivers/CMSIS/Include"  -Og -g3 -Wall -fmessage-length=0 -ffunction-sections -c -fmessage-length=0 -MMD -MP -MF"Src/BMS.d" -MT"Src/BMS.o" -o "Src/BMS.o" "../Src/BMS.c"
../Src/BMS.c: In function 'BMS_init':
../Src/BMS.c:87:2: warning: implicit declaration of function 'CAN_ConfigFilter' [-Wimplicit-function-declaration]
  CAN_ConfigFilter();
  ^~~~~~~~~~~~~~~~
../Src/BMS.c:88:2: warning: implicit declaration of function 'CAN_ConfigFrames' [-Wimplicit-function-declaration]
  CAN_ConfigFrames();
  ^~~~~~~~~~~~~~~~
../Src/BMS.c:89:2: warning: implicit declaration of function 'CAN_Receive' [-Wimplicit-function-declaration]
  CAN_Receive();
  ^~~~~~~~~~~
../Src/BMS.c: In function 'BMS_uart':
../Src/BMS.c:554:2: warning: implicit declaration of function 'UART_print' [-Wimplicit-function-declaration]
  UART_print("\n\n\n\n"  );//HEADER
  ^~~~~~~~~~
../Src/BMS.c:556:2: warning: implicit declaration of function 'UART_print_error_flag' [-Wimplicit-function-declaration]
  UART_print_error_flag(BMS->error_flag);
  ^~~~~~~~~~~~~~~~~~~~~
../Src/BMS.c:590:4: warning: implicit declaration of function 'UART_print_float' [-Wimplicit-function-declaration]
    UART_print_float((float)BMS->sensor_v[i]->v_sum/10000);
    ^~~~~~~~~~~~~~~~
At top level:
../Src/BMS.c:33:23: warning: 'CAN_ID_TABLE' defined but not used [-Wunused-const-variable=]
 static const uint16_t CAN_ID_TABLE[8][5] = {
                       ^~~~~~~~~~~~
Finished building: ../Src/BMS.c
 
Building target: BMS_teste.elf
Invoking: MCU GCC Linker
arm-none-eabi-gcc -mcpu=cortex-m3 -mthumb -mfloat-abi=soft -specs=nosys.specs -specs=nano.specs -T"../STM32F103C8Tx_FLASH.ld" -Wl,-Map=output.map -Wl,--gc-sections -o "BMS_teste.elf" @"objects.list"   -lm
Finished building target: BMS_teste.elf
 
make --no-print-directory post-build
Generating hex and Printing size information:
arm-none-eabi-objcopy -O ihex "BMS_teste.elf" "BMS_teste.hex"
arm-none-eabi-size "BMS_teste.elf"
   text	   data	    bss	    dec	    hex	filename
  27076	    148	   3360	  30584	   7778	BMS_teste.elf
 
13:52:51 **** Incremental Build of configuration Debug for project BMS_teste ****
make all 
Building file: ../Src/BMS.c
Invoking: MCU GCC Compiler
C:\Users\Rodolfo Lessa\Desktop\BMS_rep_of\BMS_teste\Debug
arm-none-eabi-gcc -mcpu=cortex-m3 -mthumb -mfloat-abi=soft '-D__weak=__attribute__((weak))' '-D__packed=__attribute__((__packed__))' -DUSE_HAL_DRIVER -DSTM32F103xB -I"C:/Users/Rodolfo Lessa/Desktop/BMS_rep_of/BMS_teste/Inc" -I"C:/Users/Rodolfo Lessa/Desktop/BMS_rep_of/BMS_teste/Drivers/STM32F1xx_HAL_Driver/Inc" -I"C:/Users/Rodolfo Lessa/Desktop/BMS_rep_of/BMS_teste/Drivers/STM32F1xx_HAL_Driver/Inc/Legacy" -I"C:/Users/Rodolfo Lessa/Desktop/BMS_rep_of/BMS_teste/Drivers/CMSIS/Device/ST/STM32F1xx/Include" -I"C:/Users/Rodolfo Lessa/Desktop/BMS_rep_of/BMS_teste/Drivers/CMSIS/Include"  -Og -g3 -Wall -fmessage-length=0 -ffunction-sections -c -fmessage-length=0 -MMD -MP -MF"Src/BMS.d" -MT"Src/BMS.o" -o "Src/BMS.o" "../Src/BMS.c"
../Src/BMS.c: In function 'BMS_init':
../Src/BMS.c:87:2: warning: implicit declaration of function 'CAN_ConfigFilter' [-Wimplicit-function-declaration]
  CAN_ConfigFilter();
  ^~~~~~~~~~~~~~~~
../Src/BMS.c:88:2: warning: implicit declaration of function 'CAN_ConfigFrames' [-Wimplicit-function-declaration]
  CAN_ConfigFrames();
  ^~~~~~~~~~~~~~~~
../Src/BMS.c:89:2: warning: implicit declaration of function 'CAN_Receive' [-Wimplicit-function-declaration]
  CAN_Receive();
  ^~~~~~~~~~~
../Src/BMS.c: In function 'BMS_uart':
../Src/BMS.c:554:2: warning: implicit declaration of function 'UART_print' [-Wimplicit-function-declaration]
  UART_print("\n\n\n\n"  );//HEADER
  ^~~~~~~~~~
../Src/BMS.c:556:2: warning: implicit declaration of function 'UART_print_error_flag' [-Wimplicit-function-declaration]
  UART_print_error_flag(BMS->error_flag);
  ^~~~~~~~~~~~~~~~~~~~~
../Src/BMS.c:590:4: warning: implicit declaration of function 'UART_print_float' [-Wimplicit-function-declaration]
    UART_print_float((float)BMS->sensor_v[i]->v_sum/10000);
    ^~~~~~~~~~~~~~~~
At top level:
../Src/BMS.c:33:23: warning: 'CAN_ID_TABLE' defined but not used [-Wunused-const-variable=]
 static const uint16_t CAN_ID_TABLE[8][5] = {
                       ^~~~~~~~~~~~
Finished building: ../Src/BMS.c
 
Building file: ../Src/LTC6804.c
Invoking: MCU GCC Compiler
C:\Users\Rodolfo Lessa\Desktop\BMS_rep_of\BMS_teste\Debug
arm-none-eabi-gcc -mcpu=cortex-m3 -mthumb -mfloat-abi=soft '-D__weak=__attribute__((weak))' '-D__packed=__attribute__((__packed__))' -DUSE_HAL_DRIVER -DSTM32F103xB -I"C:/Users/Rodolfo Lessa/Desktop/BMS_rep_of/BMS_teste/Inc" -I"C:/Users/Rodolfo Lessa/Desktop/BMS_rep_of/BMS_teste/Drivers/STM32F1xx_HAL_Driver/Inc" -I"C:/Users/Rodolfo Lessa/Desktop/BMS_rep_of/BMS_teste/Drivers/STM32F1xx_HAL_Driver/Inc/Legacy" -I"C:/Users/Rodolfo Lessa/Desktop/BMS_rep_of/BMS_teste/Drivers/CMSIS/Device/ST/STM32F1xx/Include" -I"C:/Users/Rodolfo Lessa/Desktop/BMS_rep_of/BMS_teste/Drivers/CMSIS/Include"  -Og -g3 -Wall -fmessage-length=0 -ffunction-sections -c -fmessage-length=0 -MMD -MP -MF"Src/LTC6804.d" -MT"Src/LTC6804.o" -o "Src/LTC6804.o" "../Src/LTC6804.c"
../Src/LTC6804.c: In function 'LTC6804_init':
../Src/LTC6804.c:333:2: warning: implicit declaration of function 'UART_print' [-Wimplicit-function-declaration]
  UART_print("%x", LTC6804_pec_generator(&data, 1, WRITE));
  ^~~~~~~~~~
Finished building: ../Src/LTC6804.c
 
Building file: ../Src/usart.c
Invoking: MCU GCC Compiler
C:\Users\Rodolfo Lessa\Desktop\BMS_rep_of\BMS_teste\Debug
arm-none-eabi-gcc -mcpu=cortex-m3 -mthumb -mfloat-abi=soft '-D__weak=__attribute__((weak))' '-D__packed=__attribute__((__packed__))' -DUSE_HAL_DRIVER -DSTM32F103xB -I"C:/Users/Rodolfo Lessa/Desktop/BMS_rep_of/BMS_teste/Inc" -I"C:/Users/Rodolfo Lessa/Desktop/BMS_rep_of/BMS_teste/Drivers/STM32F1xx_HAL_Driver/Inc" -I"C:/Users/Rodolfo Lessa/Desktop/BMS_rep_of/BMS_teste/Drivers/STM32F1xx_HAL_Driver/Inc/Legacy" -I"C:/Users/Rodolfo Lessa/Desktop/BMS_rep_of/BMS_teste/Drivers/CMSIS/Device/ST/STM32F1xx/Include" -I"C:/Users/Rodolfo Lessa/Desktop/BMS_rep_of/BMS_teste/Drivers/CMSIS/Include"  -Og -g3 -Wall -fmessage-length=0 -ffunction-sections -c -fmessage-length=0 -MMD -MP -MF"Src/usart.d" -MT"Src/usart.o" -o "Src/usart.o" "../Src/usart.c"
../Src/usart.c: In function 'sendString':
../Src/usart.c:249:30: warning: pointer targets in passing argument 2 of 'HAL_UART_Transmit' differ in signedness [-Wpointer-sign]
  HAL_UART_Transmit (&huart1, xbeeBuffer, len, 100);
                              ^~~~~~~~~~
In file included from C:/Users/Rodolfo Lessa/Desktop/BMS_rep_of/BMS_teste/Inc/stm32f1xx_hal_conf.h:320:0,
                 from C:/Users/Rodolfo Lessa/Desktop/BMS_rep_of/BMS_teste/Drivers/STM32F1xx_HAL_Driver/Inc/stm32f1xx_hal.h:46,
                 from C:/Users/Rodolfo Lessa/Desktop/BMS_rep_of/BMS_teste/Inc/usart.h:47,
                 from ../Src/usart.c:41:
C:/Users/Rodolfo Lessa/Desktop/BMS_rep_of/BMS_teste/Drivers/STM32F1xx_HAL_Driver/Inc/stm32f1xx_hal_uart.h:635:19: note: expected 'uint8_t * {aka unsigned char *}' but argument is of type 'char *'
 HAL_StatusTypeDef HAL_UART_Transmit(UART_HandleTypeDef *huart, uint8_t *pData, uint16_t Size, uint32_t Timeout);
                   ^~~~~~~~~~~~~~~~~
Finished building: ../Src/usart.c
 
Building target: BMS_teste.elf
Invoking: MCU GCC Linker
arm-none-eabi-gcc -mcpu=cortex-m3 -mthumb -mfloat-abi=soft -specs=nosys.specs -specs=nano.specs -T"../STM32F103C8Tx_FLASH.ld" -Wl,-Map=output.map -Wl,--gc-sections -o "BMS_teste.elf" @"objects.list"   -lm
Finished building target: BMS_teste.elf
 
make --no-print-directory post-build
Generating hex and Printing size information:
arm-none-eabi-objcopy -O ihex "BMS_teste.elf" "BMS_teste.hex"
arm-none-eabi-size "BMS_teste.elf"
   text	   data	    bss	    dec	    hex	filename
  27100	    148	   3360	  30608	   7790	BMS_teste.elf
 
13:55:13 **** Incremental Build of configuration Debug for project BMS_teste ****
make all 
Building file: ../Src/BMS.c
Invoking: MCU GCC Compiler
C:\Users\Rodolfo Lessa\Desktop\BMS_rep_of\BMS_teste\Debug
arm-none-eabi-gcc -mcpu=cortex-m3 -mthumb -mfloat-abi=soft '-D__weak=__attribute__((weak))' '-D__packed=__attribute__((__packed__))' -DUSE_HAL_DRIVER -DSTM32F103xB -I"C:/Users/Rodolfo Lessa/Desktop/BMS_rep_of/BMS_teste/Inc" -I"C:/Users/Rodolfo Lessa/Desktop/BMS_rep_of/BMS_teste/Drivers/STM32F1xx_HAL_Driver/Inc" -I"C:/Users/Rodolfo Lessa/Desktop/BMS_rep_of/BMS_teste/Drivers/STM32F1xx_HAL_Driver/Inc/Legacy" -I"C:/Users/Rodolfo Lessa/Desktop/BMS_rep_of/BMS_teste/Drivers/CMSIS/Device/ST/STM32F1xx/Include" -I"C:/Users/Rodolfo Lessa/Desktop/BMS_rep_of/BMS_teste/Drivers/CMSIS/Include"  -Og -g3 -Wall -fmessage-length=0 -ffunction-sections -c -fmessage-length=0 -MMD -MP -MF"Src/BMS.d" -MT"Src/BMS.o" -o "Src/BMS.o" "../Src/BMS.c"
../Src/BMS.c: In function 'BMS_init':
../Src/BMS.c:87:2: warning: implicit declaration of function 'CAN_ConfigFilter' [-Wimplicit-function-declaration]
  CAN_ConfigFilter();
  ^~~~~~~~~~~~~~~~
../Src/BMS.c:88:2: warning: implicit declaration of function 'CAN_ConfigFrames' [-Wimplicit-function-declaration]
  CAN_ConfigFrames();
  ^~~~~~~~~~~~~~~~
../Src/BMS.c:89:2: warning: implicit declaration of function 'CAN_Receive' [-Wimplicit-function-declaration]
  CAN_Receive();
  ^~~~~~~~~~~
../Src/BMS.c: In function 'BMS_can':
../Src/BMS.c:373:3: warning: this 'if' clause does not guard... [-Wmisleading-indentation]
   if(BMS->sensor_v[i]->v_min_cell < v_min)
   ^~
../Src/BMS.c:375:4: note: ...this statement, but the latter is misleadingly indented as if it is guarded by the 'if'
    aux = i;
    ^~~
../Src/BMS.c:416:5: warning: implicit declaration of function 'CAN_Transmit' [-Wimplicit-function-declaration]
     CAN_Transmit(can_vector, CAN_ID_TABLE[i][j]);
     ^~~~~~~~~~~~
../Src/BMS.c:418:5: warning: implicit declaration of function 'sendString' [-Wimplicit-function-declaration]
     sendString(CAN_ID_TABLE[i][j], BMS->sensor_v[i]->v_cell[(j * 4)],
     ^~~~~~~~~~
../Src/BMS.c: In function 'BMS_uart':
../Src/BMS.c:554:2: warning: implicit declaration of function 'UART_print' [-Wimplicit-function-declaration]
  UART_print("\n\n\n\n"  );//HEADER
  ^~~~~~~~~~
../Src/BMS.c:556:2: warning: implicit declaration of function 'UART_print_error_flag' [-Wimplicit-function-declaration]
  UART_print_error_flag(BMS->error_flag);
  ^~~~~~~~~~~~~~~~~~~~~
../Src/BMS.c:590:4: warning: implicit declaration of function 'UART_print_float' [-Wimplicit-function-declaration]
    UART_print_float((float)BMS->sensor_v[i]->v_sum/10000);
    ^~~~~~~~~~~~~~~~
Finished building: ../Src/BMS.c
 
Building target: BMS_teste.elf
Invoking: MCU GCC Linker
arm-none-eabi-gcc -mcpu=cortex-m3 -mthumb -mfloat-abi=soft -specs=nosys.specs -specs=nano.specs -T"../STM32F103C8Tx_FLASH.ld" -Wl,-Map=output.map -Wl,--gc-sections -o "BMS_teste.elf" @"objects.list"   -lm
Finished building target: BMS_teste.elf
 
make --no-print-directory post-build
Generating hex and Printing size information:
arm-none-eabi-objcopy -O ihex "BMS_teste.elf" "BMS_teste.hex"
arm-none-eabi-size "BMS_teste.elf"
   text	   data	    bss	    dec	    hex	filename
  27100	    148	   3360	  30608	   7790	BMS_teste.elf
 
13:59:44 **** Incremental Build of configuration Debug for project BMS_teste ****
make all 
Building file: ../Src/LTC6804.c
Invoking: MCU GCC Compiler
C:\Users\Rodolfo Lessa\Desktop\BMS_rep_of\BMS_teste\Debug
arm-none-eabi-gcc -mcpu=cortex-m3 -mthumb -mfloat-abi=soft '-D__weak=__attribute__((weak))' '-D__packed=__attribute__((__packed__))' -DUSE_HAL_DRIVER -DSTM32F103xB -I"C:/Users/Rodolfo Lessa/Desktop/BMS_rep_of/BMS_teste/Inc" -I"C:/Users/Rodolfo Lessa/Desktop/BMS_rep_of/BMS_teste/Drivers/STM32F1xx_HAL_Driver/Inc" -I"C:/Users/Rodolfo Lessa/Desktop/BMS_rep_of/BMS_teste/Drivers/STM32F1xx_HAL_Driver/Inc/Legacy" -I"C:/Users/Rodolfo Lessa/Desktop/BMS_rep_of/BMS_teste/Drivers/CMSIS/Device/ST/STM32F1xx/Include" -I"C:/Users/Rodolfo Lessa/Desktop/BMS_rep_of/BMS_teste/Drivers/CMSIS/Include"  -Og -g3 -Wall -fmessage-length=0 -ffunction-sections -c -fmessage-length=0 -MMD -MP -MF"Src/LTC6804.d" -MT"Src/LTC6804.o" -o "Src/LTC6804.o" "../Src/LTC6804.c"
../Src/LTC6804.c: In function 'LTC6804_init':
../Src/LTC6804.c:333:2: warning: implicit declaration of function 'UART_print' [-Wimplicit-function-declaration]
  UART_print("%x", LTC6804_pec_generator(&data, 1, WRITE));
  ^~~~~~~~~~
Finished building: ../Src/LTC6804.c
 
Building target: BMS_teste.elf
Invoking: MCU GCC Linker
arm-none-eabi-gcc -mcpu=cortex-m3 -mthumb -mfloat-abi=soft -specs=nosys.specs -specs=nano.specs -T"../STM32F103C8Tx_FLASH.ld" -Wl,-Map=output.map -Wl,--gc-sections -o "BMS_teste.elf" @"objects.list"   -lm
Finished building target: BMS_teste.elf
 
make --no-print-directory post-build
Generating hex and Printing size information:
arm-none-eabi-objcopy -O ihex "BMS_teste.elf" "BMS_teste.hex"
arm-none-eabi-size "BMS_teste.elf"
   text	   data	    bss	    dec	    hex	filename
  27092	    148	   3360	  30600	   7788	BMS_teste.elf
 
14:02:15 **** Incremental Build of configuration Debug for project BMS_teste ****
make all 
Building file: ../Src/BMS.c
Invoking: MCU GCC Compiler
C:\Users\Rodolfo Lessa\Desktop\BMS_rep_of\BMS_teste\Debug
arm-none-eabi-gcc -mcpu=cortex-m3 -mthumb -mfloat-abi=soft '-D__weak=__attribute__((weak))' '-D__packed=__attribute__((__packed__))' -DUSE_HAL_DRIVER -DSTM32F103xB -I"C:/Users/Rodolfo Lessa/Desktop/BMS_rep_of/BMS_teste/Inc" -I"C:/Users/Rodolfo Lessa/Desktop/BMS_rep_of/BMS_teste/Drivers/STM32F1xx_HAL_Driver/Inc" -I"C:/Users/Rodolfo Lessa/Desktop/BMS_rep_of/BMS_teste/Drivers/STM32F1xx_HAL_Driver/Inc/Legacy" -I"C:/Users/Rodolfo Lessa/Desktop/BMS_rep_of/BMS_teste/Drivers/CMSIS/Device/ST/STM32F1xx/Include" -I"C:/Users/Rodolfo Lessa/Desktop/BMS_rep_of/BMS_teste/Drivers/CMSIS/Include"  -Og -g3 -Wall -fmessage-length=0 -ffunction-sections -c -fmessage-length=0 -MMD -MP -MF"Src/BMS.d" -MT"Src/BMS.o" -o "Src/BMS.o" "../Src/BMS.c"
../Src/BMS.c: In function 'BMS_init':
../Src/BMS.c:87:2: warning: implicit declaration of function 'CAN_ConfigFilter' [-Wimplicit-function-declaration]
  CAN_ConfigFilter();
  ^~~~~~~~~~~~~~~~
../Src/BMS.c:88:2: warning: implicit declaration of function 'CAN_ConfigFrames' [-Wimplicit-function-declaration]
  CAN_ConfigFrames();
  ^~~~~~~~~~~~~~~~
../Src/BMS.c:89:2: warning: implicit declaration of function 'CAN_Receive' [-Wimplicit-function-declaration]
  CAN_Receive();
  ^~~~~~~~~~~
../Src/BMS.c: In function 'BMS_can':
../Src/BMS.c:373:3: warning: this 'if' clause does not guard... [-Wmisleading-indentation]
   if(BMS->sensor_v[i]->v_min_cell < v_min)
   ^~
../Src/BMS.c:375:4: note: ...this statement, but the latter is misleadingly indented as if it is guarded by the 'if'
    aux = i;
    ^~~
../Src/BMS.c:416:5: warning: implicit declaration of function 'CAN_Transmit' [-Wimplicit-function-declaration]
     CAN_Transmit(can_vector, CAN_ID_TABLE[i][j]);
     ^~~~~~~~~~~~
../Src/BMS.c:418:5: warning: implicit declaration of function 'sendString' [-Wimplicit-function-declaration]
     sendString(CAN_ID_TABLE[i][j], BMS->sensor_v[i]->v_cell[(j * 4)],
     ^~~~~~~~~~
../Src/BMS.c: In function 'BMS_uart':
../Src/BMS.c:554:2: warning: implicit declaration of function 'UART_print' [-Wimplicit-function-declaration]
  UART_print("\n\n\n\n"  );//HEADER
  ^~~~~~~~~~
../Src/BMS.c:556:2: warning: implicit declaration of function 'UART_print_error_flag' [-Wimplicit-function-declaration]
  UART_print_error_flag(BMS->error_flag);
  ^~~~~~~~~~~~~~~~~~~~~
../Src/BMS.c:590:4: warning: implicit declaration of function 'UART_print_float' [-Wimplicit-function-declaration]
    UART_print_float((float)BMS->sensor_v[i]->v_sum/10000);
    ^~~~~~~~~~~~~~~~
Finished building: ../Src/BMS.c
 
Building target: BMS_teste.elf
Invoking: MCU GCC Linker
arm-none-eabi-gcc -mcpu=cortex-m3 -mthumb -mfloat-abi=soft -specs=nosys.specs -specs=nano.specs -T"../STM32F103C8Tx_FLASH.ld" -Wl,-Map=output.map -Wl,--gc-sections -o "BMS_teste.elf" @"objects.list"   -lm
Finished building target: BMS_teste.elf
 
make --no-print-directory post-build
Generating hex and Printing size information:
arm-none-eabi-objcopy -O ihex "BMS_teste.elf" "BMS_teste.hex"
arm-none-eabi-size "BMS_teste.elf"
   text	   data	    bss	    dec	    hex	filename
  27084	    148	   3360	  30592	   7780	BMS_teste.elf
 
14:02:39 **** Incremental Build of configuration Debug for project BMS_teste ****
make all 
Building file: ../Src/BMS.c
Invoking: MCU GCC Compiler
C:\Users\Rodolfo Lessa\Desktop\BMS_rep_of\BMS_teste\Debug
arm-none-eabi-gcc -mcpu=cortex-m3 -mthumb -mfloat-abi=soft '-D__weak=__attribute__((weak))' '-D__packed=__attribute__((__packed__))' -DUSE_HAL_DRIVER -DSTM32F103xB -I"C:/Users/Rodolfo Lessa/Desktop/BMS_rep_of/BMS_teste/Inc" -I"C:/Users/Rodolfo Lessa/Desktop/BMS_rep_of/BMS_teste/Drivers/STM32F1xx_HAL_Driver/Inc" -I"C:/Users/Rodolfo Lessa/Desktop/BMS_rep_of/BMS_teste/Drivers/STM32F1xx_HAL_Driver/Inc/Legacy" -I"C:/Users/Rodolfo Lessa/Desktop/BMS_rep_of/BMS_teste/Drivers/CMSIS/Device/ST/STM32F1xx/Include" -I"C:/Users/Rodolfo Lessa/Desktop/BMS_rep_of/BMS_teste/Drivers/CMSIS/Include"  -Og -g3 -Wall -fmessage-length=0 -ffunction-sections -c -fmessage-length=0 -MMD -MP -MF"Src/BMS.d" -MT"Src/BMS.o" -o "Src/BMS.o" "../Src/BMS.c"
../Src/BMS.c: In function 'BMS_init':
../Src/BMS.c:87:2: warning: implicit declaration of function 'CAN_ConfigFilter' [-Wimplicit-function-declaration]
  CAN_ConfigFilter();
  ^~~~~~~~~~~~~~~~
../Src/BMS.c:88:2: warning: implicit declaration of function 'CAN_ConfigFrames' [-Wimplicit-function-declaration]
  CAN_ConfigFrames();
  ^~~~~~~~~~~~~~~~
../Src/BMS.c:89:2: warning: implicit declaration of function 'CAN_Receive' [-Wimplicit-function-declaration]
  CAN_Receive();
  ^~~~~~~~~~~
../Src/BMS.c: In function 'BMS_error':
../Src/BMS.c:314:63: error: expected ')' before ';' token
  HAL_GPIO_WritePin(AIR_ENABLE_GPIO_Port, AIR_ENABLE_Pin, RESET;
                                                               ^
../Src/BMS.c:352:1: error: expected ';' before '}' token
 }
 ^
../Src/BMS.c: In function 'BMS_can':
../Src/BMS.c:373:3: warning: this 'if' clause does not guard... [-Wmisleading-indentation]
   if(BMS->sensor_v[i]->v_min_cell < v_min)
   ^~
../Src/BMS.c:375:4: note: ...this statement, but the latter is misleadingly indented as if it is guarded by the 'if'
    aux = i;
    ^~~
../Src/BMS.c:416:5: warning: implicit declaration of function 'CAN_Transmit' [-Wimplicit-function-declaration]
     CAN_Transmit(can_vector, CAN_ID_TABLE[i][j]);
     ^~~~~~~~~~~~
../Src/BMS.c:418:5: warning: implicit declaration of function 'sendString' [-Wimplicit-function-declaration]
     sendString(CAN_ID_TABLE[i][j], BMS->sensor_v[i]->v_cell[(j * 4)],
     ^~~~~~~~~~
../Src/BMS.c: In function 'BMS_uart':
../Src/BMS.c:554:2: warning: implicit declaration of function 'UART_print' [-Wimplicit-function-declaration]
  UART_print("\n\n\n\n"  );//HEADER
  ^~~~~~~~~~
../Src/BMS.c:556:2: warning: implicit declaration of function 'UART_print_error_flag' [-Wimplicit-function-declaration]
  UART_print_error_flag(BMS->error_flag);
  ^~~~~~~~~~~~~~~~~~~~~
../Src/BMS.c:590:4: warning: implicit declaration of function 'UART_print_float' [-Wimplicit-function-declaration]
    UART_print_float((float)BMS->sensor_v[i]->v_sum/10000);
    ^~~~~~~~~~~~~~~~
Src/subdir.mk:78: recipe for target 'Src/BMS.o' failed
make: *** [Src/BMS.o] Error 1
14:02:49 **** Incremental Build of configuration Debug for project BMS_teste ****
make all 
Building file: ../Src/BMS.c
Invoking: MCU GCC Compiler
C:\Users\Rodolfo Lessa\Desktop\BMS_rep_of\BMS_teste\Debug
arm-none-eabi-gcc -mcpu=cortex-m3 -mthumb -mfloat-abi=soft '-D__weak=__attribute__((weak))' '-D__packed=__attribute__((__packed__))' -DUSE_HAL_DRIVER -DSTM32F103xB -I"C:/Users/Rodolfo Lessa/Desktop/BMS_rep_of/BMS_teste/Inc" -I"C:/Users/Rodolfo Lessa/Desktop/BMS_rep_of/BMS_teste/Drivers/STM32F1xx_HAL_Driver/Inc" -I"C:/Users/Rodolfo Lessa/Desktop/BMS_rep_of/BMS_teste/Drivers/STM32F1xx_HAL_Driver/Inc/Legacy" -I"C:/Users/Rodolfo Lessa/Desktop/BMS_rep_of/BMS_teste/Drivers/CMSIS/Device/ST/STM32F1xx/Include" -I"C:/Users/Rodolfo Lessa/Desktop/BMS_rep_of/BMS_teste/Drivers/CMSIS/Include"  -Og -g3 -Wall -fmessage-length=0 -ffunction-sections -c -fmessage-length=0 -MMD -MP -MF"Src/BMS.d" -MT"Src/BMS.o" -o "Src/BMS.o" "../Src/BMS.c"
../Src/BMS.c: In function 'BMS_init':
../Src/BMS.c:87:2: warning: implicit declaration of function 'CAN_ConfigFilter' [-Wimplicit-function-declaration]
  CAN_ConfigFilter();
  ^~~~~~~~~~~~~~~~
../Src/BMS.c:88:2: warning: implicit declaration of function 'CAN_ConfigFrames' [-Wimplicit-function-declaration]
  CAN_ConfigFrames();
  ^~~~~~~~~~~~~~~~
../Src/BMS.c:89:2: warning: implicit declaration of function 'CAN_Receive' [-Wimplicit-function-declaration]
  CAN_Receive();
  ^~~~~~~~~~~
../Src/BMS.c: In function 'BMS_can':
../Src/BMS.c:373:3: warning: this 'if' clause does not guard... [-Wmisleading-indentation]
   if(BMS->sensor_v[i]->v_min_cell < v_min)
   ^~
../Src/BMS.c:375:4: note: ...this statement, but the latter is misleadingly indented as if it is guarded by the 'if'
    aux = i;
    ^~~
../Src/BMS.c:416:5: warning: implicit declaration of function 'CAN_Transmit' [-Wimplicit-function-declaration]
     CAN_Transmit(can_vector, CAN_ID_TABLE[i][j]);
     ^~~~~~~~~~~~
../Src/BMS.c:418:5: warning: implicit declaration of function 'sendString' [-Wimplicit-function-declaration]
     sendString(CAN_ID_TABLE[i][j], BMS->sensor_v[i]->v_cell[(j * 4)],
     ^~~~~~~~~~
../Src/BMS.c: In function 'BMS_uart':
../Src/BMS.c:554:2: warning: implicit declaration of function 'UART_print' [-Wimplicit-function-declaration]
  UART_print("\n\n\n\n"  );//HEADER
  ^~~~~~~~~~
../Src/BMS.c:556:2: warning: implicit declaration of function 'UART_print_error_flag' [-Wimplicit-function-declaration]
  UART_print_error_flag(BMS->error_flag);
  ^~~~~~~~~~~~~~~~~~~~~
../Src/BMS.c:590:4: warning: implicit declaration of function 'UART_print_float' [-Wimplicit-function-declaration]
    UART_print_float((float)BMS->sensor_v[i]->v_sum/10000);
    ^~~~~~~~~~~~~~~~
Finished building: ../Src/BMS.c
 
Building target: BMS_teste.elf
Invoking: MCU GCC Linker
arm-none-eabi-gcc -mcpu=cortex-m3 -mthumb -mfloat-abi=soft -specs=nosys.specs -specs=nano.specs -T"../STM32F103C8Tx_FLASH.ld" -Wl,-Map=output.map -Wl,--gc-sections -o "BMS_teste.elf" @"objects.list"   -lm
Finished building target: BMS_teste.elf
 
make --no-print-directory post-build
Generating hex and Printing size information:
arm-none-eabi-objcopy -O ihex "BMS_teste.elf" "BMS_teste.hex"
arm-none-eabi-size "BMS_teste.elf"
   text	   data	    bss	    dec	    hex	filename
  27084	    148	   3360	  30592	   7780	BMS_teste.elf
 
14:03:20 **** Incremental Build of configuration Debug for project BMS_teste ****
make all 
Building file: ../Src/BMS.c
Invoking: MCU GCC Compiler
C:\Users\Rodolfo Lessa\Desktop\BMS_rep_of\BMS_teste\Debug
arm-none-eabi-gcc -mcpu=cortex-m3 -mthumb -mfloat-abi=soft '-D__weak=__attribute__((weak))' '-D__packed=__attribute__((__packed__))' -DUSE_HAL_DRIVER -DSTM32F103xB -I"C:/Users/Rodolfo Lessa/Desktop/BMS_rep_of/BMS_teste/Inc" -I"C:/Users/Rodolfo Lessa/Desktop/BMS_rep_of/BMS_teste/Drivers/STM32F1xx_HAL_Driver/Inc" -I"C:/Users/Rodolfo Lessa/Desktop/BMS_rep_of/BMS_teste/Drivers/STM32F1xx_HAL_Driver/Inc/Legacy" -I"C:/Users/Rodolfo Lessa/Desktop/BMS_rep_of/BMS_teste/Drivers/CMSIS/Device/ST/STM32F1xx/Include" -I"C:/Users/Rodolfo Lessa/Desktop/BMS_rep_of/BMS_teste/Drivers/CMSIS/Include"  -Og -g3 -Wall -fmessage-length=0 -ffunction-sections -c -fmessage-length=0 -MMD -MP -MF"Src/BMS.d" -MT"Src/BMS.o" -o "Src/BMS.o" "../Src/BMS.c"
../Src/BMS.c: In function 'BMS_init':
../Src/BMS.c:87:2: warning: implicit declaration of function 'CAN_ConfigFilter' [-Wimplicit-function-declaration]
  CAN_ConfigFilter();
  ^~~~~~~~~~~~~~~~
../Src/BMS.c:88:2: warning: implicit declaration of function 'CAN_ConfigFrames' [-Wimplicit-function-declaration]
  CAN_ConfigFrames();
  ^~~~~~~~~~~~~~~~
../Src/BMS.c:89:2: warning: implicit declaration of function 'CAN_Receive' [-Wimplicit-function-declaration]
  CAN_Receive();
  ^~~~~~~~~~~
../Src/BMS.c: In function 'BMS_can':
../Src/BMS.c:373:3: warning: this 'if' clause does not guard... [-Wmisleading-indentation]
   if(BMS->sensor_v[i]->v_min_cell < v_min)
   ^~
../Src/BMS.c:375:4: note: ...this statement, but the latter is misleadingly indented as if it is guarded by the 'if'
    aux = i;
    ^~~
../Src/BMS.c:416:5: warning: implicit declaration of function 'CAN_Transmit' [-Wimplicit-function-declaration]
     CAN_Transmit(can_vector, CAN_ID_TABLE[i][j]);
     ^~~~~~~~~~~~
../Src/BMS.c:418:5: warning: implicit declaration of function 'sendString' [-Wimplicit-function-declaration]
     sendString(CAN_ID_TABLE[i][j], BMS->sensor_v[i]->v_cell[(j * 4)],
     ^~~~~~~~~~
../Src/BMS.c: In function 'BMS_uart':
../Src/BMS.c:554:2: warning: implicit declaration of function 'UART_print' [-Wimplicit-function-declaration]
  UART_print("\n\n\n\n"  );//HEADER
  ^~~~~~~~~~
../Src/BMS.c:556:2: warning: implicit declaration of function 'UART_print_error_flag' [-Wimplicit-function-declaration]
  UART_print_error_flag(BMS->error_flag);
  ^~~~~~~~~~~~~~~~~~~~~
../Src/BMS.c:590:4: warning: implicit declaration of function 'UART_print_float' [-Wimplicit-function-declaration]
    UART_print_float((float)BMS->sensor_v[i]->v_sum/10000);
    ^~~~~~~~~~~~~~~~
Finished building: ../Src/BMS.c
 
Building target: BMS_teste.elf
Invoking: MCU GCC Linker
arm-none-eabi-gcc -mcpu=cortex-m3 -mthumb -mfloat-abi=soft -specs=nosys.specs -specs=nano.specs -T"../STM32F103C8Tx_FLASH.ld" -Wl,-Map=output.map -Wl,--gc-sections -o "BMS_teste.elf" @"objects.list"   -lm
Finished building target: BMS_teste.elf
 
make --no-print-directory post-build
Generating hex and Printing size information:
arm-none-eabi-objcopy -O ihex "BMS_teste.elf" "BMS_teste.hex"
arm-none-eabi-size "BMS_teste.elf"
   text	   data	    bss	    dec	    hex	filename
  27132	    148	   3360	  30640	   77b0	BMS_teste.elf
 
14:25:21 **** Incremental Build of configuration Debug for project BMS_teste ****
make all 
Building file: ../Src/main.c
Invoking: MCU GCC Compiler
C:\Users\Rodolfo Lessa\Desktop\BMS_rep_of\BMS_teste\Debug
arm-none-eabi-gcc -mcpu=cortex-m3 -mthumb -mfloat-abi=soft '-D__weak=__attribute__((weak))' '-D__packed=__attribute__((__packed__))' -DUSE_HAL_DRIVER -DSTM32F103xB -I"C:/Users/Rodolfo Lessa/Desktop/BMS_rep_of/BMS_teste/Inc" -I"C:/Users/Rodolfo Lessa/Desktop/BMS_rep_of/BMS_teste/Drivers/STM32F1xx_HAL_Driver/Inc" -I"C:/Users/Rodolfo Lessa/Desktop/BMS_rep_of/BMS_teste/Drivers/STM32F1xx_HAL_Driver/Inc/Legacy" -I"C:/Users/Rodolfo Lessa/Desktop/BMS_rep_of/BMS_teste/Drivers/CMSIS/Device/ST/STM32F1xx/Include" -I"C:/Users/Rodolfo Lessa/Desktop/BMS_rep_of/BMS_teste/Drivers/CMSIS/Include"  -Og -g3 -Wall -fmessage-length=0 -ffunction-sections -c -fmessage-length=0 -MMD -MP -MF"Src/main.d" -MT"Src/main.o" -o "Src/main.o" "../Src/main.c"
../Src/main.c: In function 'main':
../Src/main.c:208:17: warning: unused variable 'comm_flag' [-Wunused-variable]
  extern uint8_t comm_flag;
                 ^~~~~~~~~
Finished building: ../Src/main.c
 
Building target: BMS_teste.elf
Invoking: MCU GCC Linker
arm-none-eabi-gcc -mcpu=cortex-m3 -mthumb -mfloat-abi=soft -specs=nosys.specs -specs=nano.specs -T"../STM32F103C8Tx_FLASH.ld" -Wl,-Map=output.map -Wl,--gc-sections -o "BMS_teste.elf" @"objects.list"   -lm
Finished building target: BMS_teste.elf
 
make --no-print-directory post-build
Generating hex and Printing size information:
arm-none-eabi-objcopy -O ihex "BMS_teste.elf" "BMS_teste.hex"
arm-none-eabi-size "BMS_teste.elf"
   text	   data	    bss	    dec	    hex	filename
  27052	    148	   3360	  30560	   7760	BMS_teste.elf
 
14:25:36 **** Incremental Build of configuration Debug for project BMS_teste ****
make all 
make: Nothing to be done for 'all'.
14:25:44 **** Incremental Build of configuration Debug for project BMS_teste ****
make all 
make: Nothing to be done for 'all'.
14:25:57 **** Incremental Build of configuration Debug for project BMS_teste ****
make all 
make: Nothing to be done for 'all'.
14:26:41 **** Incremental Build of configuration Debug for project BMS_teste ****
make all 
Building file: ../Src/main.c
Invoking: MCU GCC Compiler
C:\Users\Rodolfo Lessa\Desktop\BMS_rep_of\BMS_teste\Debug
arm-none-eabi-gcc -mcpu=cortex-m3 -mthumb -mfloat-abi=soft '-D__weak=__attribute__((weak))' '-D__packed=__attribute__((__packed__))' -DUSE_HAL_DRIVER -DSTM32F103xB -I"C:/Users/Rodolfo Lessa/Desktop/BMS_rep_of/BMS_teste/Inc" -I"C:/Users/Rodolfo Lessa/Desktop/BMS_rep_of/BMS_teste/Drivers/STM32F1xx_HAL_Driver/Inc" -I"C:/Users/Rodolfo Lessa/Desktop/BMS_rep_of/BMS_teste/Drivers/STM32F1xx_HAL_Driver/Inc/Legacy" -I"C:/Users/Rodolfo Lessa/Desktop/BMS_rep_of/BMS_teste/Drivers/CMSIS/Device/ST/STM32F1xx/Include" -I"C:/Users/Rodolfo Lessa/Desktop/BMS_rep_of/BMS_teste/Drivers/CMSIS/Include"  -Og -g3 -Wall -fmessage-length=0 -ffunction-sections -c -fmessage-length=0 -MMD -MP -MF"Src/main.d" -MT"Src/main.o" -o "Src/main.o" "../Src/main.c"
../Src/main.c: In function 'main':
../Src/main.c:208:17: warning: unused variable 'comm_flag' [-Wunused-variable]
  extern uint8_t comm_flag;
                 ^~~~~~~~~
Finished building: ../Src/main.c
 
Building target: BMS_teste.elf
Invoking: MCU GCC Linker
arm-none-eabi-gcc -mcpu=cortex-m3 -mthumb -mfloat-abi=soft -specs=nosys.specs -specs=nano.specs -T"../STM32F103C8Tx_FLASH.ld" -Wl,-Map=output.map -Wl,--gc-sections -o "BMS_teste.elf" @"objects.list"   -lm
Finished building target: BMS_teste.elf
 
make --no-print-directory post-build
Generating hex and Printing size information:
arm-none-eabi-objcopy -O ihex "BMS_teste.elf" "BMS_teste.hex"
arm-none-eabi-size "BMS_teste.elf"
   text	   data	    bss	    dec	    hex	filename
  27052	    148	   3360	  30560	   7760	BMS_teste.elf
 
14:33:08 **** Incremental Build of configuration Debug for project BMS_teste ****
make all 
Building file: ../Src/main.c
Invoking: MCU GCC Compiler
C:\Users\Rodolfo Lessa\Desktop\BMS_rep_of\BMS_teste\Debug
arm-none-eabi-gcc -mcpu=cortex-m3 -mthumb -mfloat-abi=soft '-D__weak=__attribute__((weak))' '-D__packed=__attribute__((__packed__))' -DUSE_HAL_DRIVER -DSTM32F103xB -I"C:/Users/Rodolfo Lessa/Desktop/BMS_rep_of/BMS_teste/Inc" -I"C:/Users/Rodolfo Lessa/Desktop/BMS_rep_of/BMS_teste/Drivers/STM32F1xx_HAL_Driver/Inc" -I"C:/Users/Rodolfo Lessa/Desktop/BMS_rep_of/BMS_teste/Drivers/STM32F1xx_HAL_Driver/Inc/Legacy" -I"C:/Users/Rodolfo Lessa/Desktop/BMS_rep_of/BMS_teste/Drivers/CMSIS/Device/ST/STM32F1xx/Include" -I"C:/Users/Rodolfo Lessa/Desktop/BMS_rep_of/BMS_teste/Drivers/CMSIS/Include"  -Og -g3 -Wall -fmessage-length=0 -ffunction-sections -c -fmessage-length=0 -MMD -MP -MF"Src/main.d" -MT"Src/main.o" -o "Src/main.o" "../Src/main.c"
../Src/main.c: In function 'main':
../Src/main.c:208:17: warning: unused variable 'comm_flag' [-Wunused-variable]
  extern uint8_t comm_flag;
                 ^~~~~~~~~
Finished building: ../Src/main.c
 
Building target: BMS_teste.elf
Invoking: MCU GCC Linker
arm-none-eabi-gcc -mcpu=cortex-m3 -mthumb -mfloat-abi=soft -specs=nosys.specs -specs=nano.specs -T"../STM32F103C8Tx_FLASH.ld" -Wl,-Map=output.map -Wl,--gc-sections -o "BMS_teste.elf" @"objects.list"   -lm
Finished building target: BMS_teste.elf
 
make --no-print-directory post-build
Generating hex and Printing size information:
arm-none-eabi-objcopy -O ihex "BMS_teste.elf" "BMS_teste.hex"
arm-none-eabi-size "BMS_teste.elf"
   text	   data	    bss	    dec	    hex	filename
  27052	    148	   3360	  30560	   7760	BMS_teste.elf
 
14:53:05 **** Incremental Build of configuration Debug for project BMS_teste ****
make all 
Building file: ../Src/main.c
Invoking: MCU GCC Compiler
C:\Users\Rodolfo Lessa\Desktop\BMS_rep_of\BMS_teste\Debug
arm-none-eabi-gcc -mcpu=cortex-m3 -mthumb -mfloat-abi=soft '-D__weak=__attribute__((weak))' '-D__packed=__attribute__((__packed__))' -DUSE_HAL_DRIVER -DSTM32F103xB -I"C:/Users/Rodolfo Lessa/Desktop/BMS_rep_of/BMS_teste/Inc" -I"C:/Users/Rodolfo Lessa/Desktop/BMS_rep_of/BMS_teste/Drivers/STM32F1xx_HAL_Driver/Inc" -I"C:/Users/Rodolfo Lessa/Desktop/BMS_rep_of/BMS_teste/Drivers/STM32F1xx_HAL_Driver/Inc/Legacy" -I"C:/Users/Rodolfo Lessa/Desktop/BMS_rep_of/BMS_teste/Drivers/CMSIS/Device/ST/STM32F1xx/Include" -I"C:/Users/Rodolfo Lessa/Desktop/BMS_rep_of/BMS_teste/Drivers/CMSIS/Include"  -Og -g3 -Wall -fmessage-length=0 -ffunction-sections -c -fmessage-length=0 -MMD -MP -MF"Src/main.d" -MT"Src/main.o" -o "Src/main.o" "../Src/main.c"
../Src/main.c: In function 'main':
../Src/main.c:203:1: error: expected expression before '.' token
 .
 ^
../Src/main.c:208:17: warning: unused variable 'comm_flag' [-Wunused-variable]
  extern uint8_t comm_flag;
                 ^~~~~~~~~
Src/subdir.mk:78: recipe for target 'Src/main.o' failed
make: *** [Src/main.o] Error 1
14:53:39 **** Incremental Build of configuration Debug for project BMS_teste ****
make all 
Building file: ../Src/main.c
Invoking: MCU GCC Compiler
C:\Users\Rodolfo Lessa\Desktop\BMS_rep_of\BMS_teste\Debug
arm-none-eabi-gcc -mcpu=cortex-m3 -mthumb -mfloat-abi=soft '-D__weak=__attribute__((weak))' '-D__packed=__attribute__((__packed__))' -DUSE_HAL_DRIVER -DSTM32F103xB -I"C:/Users/Rodolfo Lessa/Desktop/BMS_rep_of/BMS_teste/Inc" -I"C:/Users/Rodolfo Lessa/Desktop/BMS_rep_of/BMS_teste/Drivers/STM32F1xx_HAL_Driver/Inc" -I"C:/Users/Rodolfo Lessa/Desktop/BMS_rep_of/BMS_teste/Drivers/STM32F1xx_HAL_Driver/Inc/Legacy" -I"C:/Users/Rodolfo Lessa/Desktop/BMS_rep_of/BMS_teste/Drivers/CMSIS/Device/ST/STM32F1xx/Include" -I"C:/Users/Rodolfo Lessa/Desktop/BMS_rep_of/BMS_teste/Drivers/CMSIS/Include"  -Og -g3 -Wall -fmessage-length=0 -ffunction-sections -c -fmessage-length=0 -MMD -MP -MF"Src/main.d" -MT"Src/main.o" -o "Src/main.o" "../Src/main.c"
../Src/main.c: In function 'main':
../Src/main.c:208:17: warning: unused variable 'comm_flag' [-Wunused-variable]
  extern uint8_t comm_flag;
                 ^~~~~~~~~
Finished building: ../Src/main.c
 
Building target: BMS_teste.elf
Invoking: MCU GCC Linker
arm-none-eabi-gcc -mcpu=cortex-m3 -mthumb -mfloat-abi=soft -specs=nosys.specs -specs=nano.specs -T"../STM32F103C8Tx_FLASH.ld" -Wl,-Map=output.map -Wl,--gc-sections -o "BMS_teste.elf" @"objects.list"   -lm
Finished building target: BMS_teste.elf
 
make --no-print-directory post-build
Generating hex and Printing size information:
arm-none-eabi-objcopy -O ihex "BMS_teste.elf" "BMS_teste.hex"
arm-none-eabi-size "BMS_teste.elf"
   text	   data	    bss	    dec	    hex	filename
  27052	    148	   3360	  30560	   7760	BMS_teste.elf
 
14:54:07 **** Incremental Build of configuration Debug for project BMS_teste ****
make all 
Building file: ../Src/main.c
Invoking: MCU GCC Compiler
C:\Users\Rodolfo Lessa\Desktop\BMS_rep_of\BMS_teste\Debug
arm-none-eabi-gcc -mcpu=cortex-m3 -mthumb -mfloat-abi=soft '-D__weak=__attribute__((weak))' '-D__packed=__attribute__((__packed__))' -DUSE_HAL_DRIVER -DSTM32F103xB -I"C:/Users/Rodolfo Lessa/Desktop/BMS_rep_of/BMS_teste/Inc" -I"C:/Users/Rodolfo Lessa/Desktop/BMS_rep_of/BMS_teste/Drivers/STM32F1xx_HAL_Driver/Inc" -I"C:/Users/Rodolfo Lessa/Desktop/BMS_rep_of/BMS_teste/Drivers/STM32F1xx_HAL_Driver/Inc/Legacy" -I"C:/Users/Rodolfo Lessa/Desktop/BMS_rep_of/BMS_teste/Drivers/CMSIS/Device/ST/STM32F1xx/Include" -I"C:/Users/Rodolfo Lessa/Desktop/BMS_rep_of/BMS_teste/Drivers/CMSIS/Include"  -Og -g3 -Wall -fmessage-length=0 -ffunction-sections -c -fmessage-length=0 -MMD -MP -MF"Src/main.d" -MT"Src/main.o" -o "Src/main.o" "../Src/main.c"
../Src/main.c: In function 'main':
../Src/main.c:208:17: warning: unused variable 'comm_flag' [-Wunused-variable]
  extern uint8_t comm_flag;
                 ^~~~~~~~~
Finished building: ../Src/main.c
 
Building target: BMS_teste.elf
Invoking: MCU GCC Linker
arm-none-eabi-gcc -mcpu=cortex-m3 -mthumb -mfloat-abi=soft -specs=nosys.specs -specs=nano.specs -T"../STM32F103C8Tx_FLASH.ld" -Wl,-Map=output.map -Wl,--gc-sections -o "BMS_teste.elf" @"objects.list"   -lm
Finished building target: BMS_teste.elf
 
make --no-print-directory post-build
Generating hex and Printing size information:
arm-none-eabi-objcopy -O ihex "BMS_teste.elf" "BMS_teste.hex"
arm-none-eabi-size "BMS_teste.elf"
   text	   data	    bss	    dec	    hex	filename
  27052	    148	   3360	  30560	   7760	BMS_teste.elf
 
15:19:17 **** Incremental Build of configuration Debug for project BMS_teste ****
make all 
Building file: ../Src/BMS.c
Invoking: MCU GCC Compiler
C:\Users\Rodolfo Lessa\Desktop\BMS_rep_of\BMS_teste\Debug
arm-none-eabi-gcc -mcpu=cortex-m3 -mthumb -mfloat-abi=soft '-D__weak=__attribute__((weak))' '-D__packed=__attribute__((__packed__))' -DUSE_HAL_DRIVER -DSTM32F103xB -I"C:/Users/Rodolfo Lessa/Desktop/BMS_rep_of/BMS_teste/Inc" -I"C:/Users/Rodolfo Lessa/Desktop/BMS_rep_of/BMS_teste/Drivers/STM32F1xx_HAL_Driver/Inc" -I"C:/Users/Rodolfo Lessa/Desktop/BMS_rep_of/BMS_teste/Drivers/STM32F1xx_HAL_Driver/Inc/Legacy" -I"C:/Users/Rodolfo Lessa/Desktop/BMS_rep_of/BMS_teste/Drivers/CMSIS/Device/ST/STM32F1xx/Include" -I"C:/Users/Rodolfo Lessa/Desktop/BMS_rep_of/BMS_teste/Drivers/CMSIS/Include"  -Og -g3 -Wall -fmessage-length=0 -ffunction-sections -c -fmessage-length=0 -MMD -MP -MF"Src/BMS.d" -MT"Src/BMS.o" -o "Src/BMS.o" "../Src/BMS.c"
../Src/BMS.c: In function 'BMS_init':
../Src/BMS.c:87:2: warning: implicit declaration of function 'CAN_ConfigFilter' [-Wimplicit-function-declaration]
  CAN_ConfigFilter();
  ^~~~~~~~~~~~~~~~
../Src/BMS.c:88:2: warning: implicit declaration of function 'CAN_ConfigFrames' [-Wimplicit-function-declaration]
  CAN_ConfigFrames();
  ^~~~~~~~~~~~~~~~
../Src/BMS.c:89:2: warning: implicit declaration of function 'CAN_Receive' [-Wimplicit-function-declaration]
  CAN_Receive();
  ^~~~~~~~~~~
../Src/BMS.c: In function 'BMS_can':
../Src/BMS.c:373:3: warning: this 'if' clause does not guard... [-Wmisleading-indentation]
   if(BMS->sensor_v[i]->v_min_cell < v_min)
   ^~
../Src/BMS.c:375:4: note: ...this statement, but the latter is misleadingly indented as if it is guarded by the 'if'
    aux = i;
    ^~~
../Src/BMS.c:416:5: warning: implicit declaration of function 'CAN_Transmit' [-Wimplicit-function-declaration]
     CAN_Transmit(can_vector, CAN_ID_TABLE[i][j]);
     ^~~~~~~~~~~~
../Src/BMS.c:418:5: warning: implicit declaration of function 'sendString' [-Wimplicit-function-declaration]
     sendString(CAN_ID_TABLE[i][j], BMS->sensor_v[i]->v_cell[(j * 4)],
     ^~~~~~~~~~
../Src/BMS.c: In function 'BMS_uart':
../Src/BMS.c:554:2: warning: implicit declaration of function 'UART_print' [-Wimplicit-function-declaration]
  UART_print("\n\n\n\n"  );//HEADER
  ^~~~~~~~~~
../Src/BMS.c:556:2: warning: implicit declaration of function 'UART_print_error_flag' [-Wimplicit-function-declaration]
  UART_print_error_flag(BMS->error_flag);
  ^~~~~~~~~~~~~~~~~~~~~
../Src/BMS.c:590:4: warning: implicit declaration of function 'UART_print_float' [-Wimplicit-function-declaration]
    UART_print_float((float)BMS->sensor_v[i]->v_sum/10000);
    ^~~~~~~~~~~~~~~~
Finished building: ../Src/BMS.c
 
Building target: BMS_teste.elf
Invoking: MCU GCC Linker
arm-none-eabi-gcc -mcpu=cortex-m3 -mthumb -mfloat-abi=soft -specs=nosys.specs -specs=nano.specs -T"../STM32F103C8Tx_FLASH.ld" -Wl,-Map=output.map -Wl,--gc-sections -o "BMS_teste.elf" @"objects.list"   -lm
Finished building target: BMS_teste.elf
 
make --no-print-directory post-build
Generating hex and Printing size information:
arm-none-eabi-objcopy -O ihex "BMS_teste.elf" "BMS_teste.hex"
arm-none-eabi-size "BMS_teste.elf"
   text	   data	    bss	    dec	    hex	filename
  27036	    148	   3360	  30544	   7750	BMS_teste.elf
 
15:48:09 **** Incremental Build of configuration Debug for project BMS_teste ****
make all 
Building file: ../Src/BMS.c
Invoking: MCU GCC Compiler
C:\Users\Rodolfo Lessa\Desktop\BMS_rep_of\BMS_teste\Debug
arm-none-eabi-gcc -mcpu=cortex-m3 -mthumb -mfloat-abi=soft '-D__weak=__attribute__((weak))' '-D__packed=__attribute__((__packed__))' -DUSE_HAL_DRIVER -DSTM32F103xB -I"C:/Users/Rodolfo Lessa/Desktop/BMS_rep_of/BMS_teste/Inc" -I"C:/Users/Rodolfo Lessa/Desktop/BMS_rep_of/BMS_teste/Drivers/STM32F1xx_HAL_Driver/Inc" -I"C:/Users/Rodolfo Lessa/Desktop/BMS_rep_of/BMS_teste/Drivers/STM32F1xx_HAL_Driver/Inc/Legacy" -I"C:/Users/Rodolfo Lessa/Desktop/BMS_rep_of/BMS_teste/Drivers/CMSIS/Device/ST/STM32F1xx/Include" -I"C:/Users/Rodolfo Lessa/Desktop/BMS_rep_of/BMS_teste/Drivers/CMSIS/Include"  -Og -g3 -Wall -fmessage-length=0 -ffunction-sections -c -fmessage-length=0 -MMD -MP -MF"Src/BMS.d" -MT"Src/BMS.o" -o "Src/BMS.o" "../Src/BMS.c"
../Src/BMS.c: In function 'BMS_init':
../Src/BMS.c:87:2: warning: implicit declaration of function 'CAN_ConfigFilter' [-Wimplicit-function-declaration]
  CAN_ConfigFilter();
  ^~~~~~~~~~~~~~~~
../Src/BMS.c:88:2: warning: implicit declaration of function 'CAN_ConfigFrames' [-Wimplicit-function-declaration]
  CAN_ConfigFrames();
  ^~~~~~~~~~~~~~~~
../Src/BMS.c:89:2: warning: implicit declaration of function 'CAN_Receive' [-Wimplicit-function-declaration]
  CAN_Receive();
  ^~~~~~~~~~~
../Src/BMS.c: In function 'BMS_can':
../Src/BMS.c:373:3: warning: this 'if' clause does not guard... [-Wmisleading-indentation]
   if(BMS->sensor_v[i]->v_min_cell < v_min)
   ^~
../Src/BMS.c:375:4: note: ...this statement, but the latter is misleadingly indented as if it is guarded by the 'if'
    aux = i;
    ^~~
../Src/BMS.c:416:5: warning: implicit declaration of function 'CAN_Transmit' [-Wimplicit-function-declaration]
     CAN_Transmit(can_vector, CAN_ID_TABLE[i][j]);
     ^~~~~~~~~~~~
../Src/BMS.c:418:5: warning: implicit declaration of function 'sendString' [-Wimplicit-function-declaration]
     sendString(CAN_ID_TABLE[i][j], BMS->sensor_v[i]->v_cell[(j * 4)],
     ^~~~~~~~~~
../Src/BMS.c: In function 'BMS_uart':
../Src/BMS.c:554:2: warning: implicit declaration of function 'UART_print' [-Wimplicit-function-declaration]
  UART_print("\n\n\n\n"  );//HEADER
  ^~~~~~~~~~
../Src/BMS.c:556:2: warning: implicit declaration of function 'UART_print_error_flag' [-Wimplicit-function-declaration]
  UART_print_error_flag(BMS->error_flag);
  ^~~~~~~~~~~~~~~~~~~~~
Finished building: ../Src/BMS.c
 
Building target: BMS_teste.elf
Invoking: MCU GCC Linker
arm-none-eabi-gcc -mcpu=cortex-m3 -mthumb -mfloat-abi=soft -specs=nosys.specs -specs=nano.specs -T"../STM32F103C8Tx_FLASH.ld" -Wl,-Map=output.map -Wl,--gc-sections -o "BMS_teste.elf" @"objects.list"   -lm
Finished building target: BMS_teste.elf
 
make --no-print-directory post-build
Generating hex and Printing size information:
arm-none-eabi-objcopy -O ihex "BMS_teste.elf" "BMS_teste.hex"
arm-none-eabi-size "BMS_teste.elf"
   text	   data	    bss	    dec	    hex	filename
  26612	    148	   3360	  30120	   75a8	BMS_teste.elf
 
16:10:10 **** Incremental Build of configuration Debug for project BMS_teste ****
make all 
Building file: ../Src/BMS.c
Invoking: MCU GCC Compiler
C:\Users\Rodolfo Lessa\Desktop\BMS_rep_of\BMS_teste\Debug
arm-none-eabi-gcc -mcpu=cortex-m3 -mthumb -mfloat-abi=soft '-D__weak=__attribute__((weak))' '-D__packed=__attribute__((__packed__))' -DUSE_HAL_DRIVER -DSTM32F103xB -I"C:/Users/Rodolfo Lessa/Desktop/BMS_rep_of/BMS_teste/Inc" -I"C:/Users/Rodolfo Lessa/Desktop/BMS_rep_of/BMS_teste/Drivers/STM32F1xx_HAL_Driver/Inc" -I"C:/Users/Rodolfo Lessa/Desktop/BMS_rep_of/BMS_teste/Drivers/STM32F1xx_HAL_Driver/Inc/Legacy" -I"C:/Users/Rodolfo Lessa/Desktop/BMS_rep_of/BMS_teste/Drivers/CMSIS/Device/ST/STM32F1xx/Include" -I"C:/Users/Rodolfo Lessa/Desktop/BMS_rep_of/BMS_teste/Drivers/CMSIS/Include"  -Og -g3 -Wall -fmessage-length=0 -ffunction-sections -c -fmessage-length=0 -MMD -MP -MF"Src/BMS.d" -MT"Src/BMS.o" -o "Src/BMS.o" "../Src/BMS.c"
../Src/BMS.c: In function 'BMS_init':
../Src/BMS.c:87:2: warning: implicit declaration of function 'CAN_ConfigFilter' [-Wimplicit-function-declaration]
  CAN_ConfigFilter();
  ^~~~~~~~~~~~~~~~
../Src/BMS.c:88:2: warning: implicit declaration of function 'CAN_ConfigFrames' [-Wimplicit-function-declaration]
  CAN_ConfigFrames();
  ^~~~~~~~~~~~~~~~
../Src/BMS.c:89:2: warning: implicit declaration of function 'CAN_Receive' [-Wimplicit-function-declaration]
  CAN_Receive();
  ^~~~~~~~~~~
../Src/BMS.c: In function 'BMS_can':
../Src/BMS.c:375:3: warning: this 'if' clause does not guard... [-Wmisleading-indentation]
   if(BMS->sensor_v[i]->v_min_cell < v_min)
   ^~
../Src/BMS.c:377:4: note: ...this statement, but the latter is misleadingly indented as if it is guarded by the 'if'
    aux = i;
    ^~~
../Src/BMS.c:418:5: warning: implicit declaration of function 'CAN_Transmit' [-Wimplicit-function-declaration]
     CAN_Transmit(can_vector, CAN_ID_TABLE[i][j]);
     ^~~~~~~~~~~~
../Src/BMS.c:420:5: warning: implicit declaration of function 'sendString' [-Wimplicit-function-declaration]
     sendString(CAN_ID_TABLE[i][j], BMS->sensor_v[i]->v_cell[(j * 4)],
     ^~~~~~~~~~
../Src/BMS.c: In function 'BMS_uart':
../Src/BMS.c:556:2: warning: implicit declaration of function 'UART_print' [-Wimplicit-function-declaration]
  UART_print("\n\n\n\n"  );//HEADER
  ^~~~~~~~~~
../Src/BMS.c:558:2: warning: implicit declaration of function 'UART_print_error_flag' [-Wimplicit-function-declaration]
  UART_print_error_flag(BMS->error_flag);
  ^~~~~~~~~~~~~~~~~~~~~
Finished building: ../Src/BMS.c
 
Building target: BMS_teste.elf
Invoking: MCU GCC Linker
arm-none-eabi-gcc -mcpu=cortex-m3 -mthumb -mfloat-abi=soft -specs=nosys.specs -specs=nano.specs -T"../STM32F103C8Tx_FLASH.ld" -Wl,-Map=output.map -Wl,--gc-sections -o "BMS_teste.elf" @"objects.list"   -lm
Finished building target: BMS_teste.elf
 
make --no-print-directory post-build
Generating hex and Printing size information:
arm-none-eabi-objcopy -O ihex "BMS_teste.elf" "BMS_teste.hex"
arm-none-eabi-size "BMS_teste.elf"
   text	   data	    bss	    dec	    hex	filename
  26628	    148	   3360	  30136	   75b8	BMS_teste.elf
 
16:56:28 **** Incremental Build of configuration Debug for project BMS_teste ****
make all 
Building file: ../Src/LTC6804.c
Invoking: MCU GCC Compiler
C:\Users\Rodolfo Lessa\Desktop\BMS_rep_of\BMS_teste\Debug
arm-none-eabi-gcc -mcpu=cortex-m3 -mthumb -mfloat-abi=soft '-D__weak=__attribute__((weak))' '-D__packed=__attribute__((__packed__))' -DUSE_HAL_DRIVER -DSTM32F103xB -I"C:/Users/Rodolfo Lessa/Desktop/BMS_rep_of/BMS_teste/Inc" -I"C:/Users/Rodolfo Lessa/Desktop/BMS_rep_of/BMS_teste/Drivers/STM32F1xx_HAL_Driver/Inc" -I"C:/Users/Rodolfo Lessa/Desktop/BMS_rep_of/BMS_teste/Drivers/STM32F1xx_HAL_Driver/Inc/Legacy" -I"C:/Users/Rodolfo Lessa/Desktop/BMS_rep_of/BMS_teste/Drivers/CMSIS/Device/ST/STM32F1xx/Include" -I"C:/Users/Rodolfo Lessa/Desktop/BMS_rep_of/BMS_teste/Drivers/CMSIS/Include"  -Og -g3 -Wall -fmessage-length=0 -ffunction-sections -c -fmessage-length=0 -MMD -MP -MF"Src/LTC6804.d" -MT"Src/LTC6804.o" -o "Src/LTC6804.o" "../Src/LTC6804.c"
../Src/LTC6804.c: In function 'LTC6804_init':
../Src/LTC6804.c:333:2: warning: implicit declaration of function 'UART_print' [-Wimplicit-function-declaration]
  UART_print("%x", LTC6804_pec_generator(&data, 1, WRITE));
  ^~~~~~~~~~
Finished building: ../Src/LTC6804.c
 
Building target: BMS_teste.elf
Invoking: MCU GCC Linker
arm-none-eabi-gcc -mcpu=cortex-m3 -mthumb -mfloat-abi=soft -specs=nosys.specs -specs=nano.specs -T"../STM32F103C8Tx_FLASH.ld" -Wl,-Map=output.map -Wl,--gc-sections -o "BMS_teste.elf" @"objects.list"   -lm
Finished building target: BMS_teste.elf
 
make --no-print-directory post-build
Generating hex and Printing size information:
arm-none-eabi-objcopy -O ihex "BMS_teste.elf" "BMS_teste.hex"
arm-none-eabi-size "BMS_teste.elf"
   text	   data	    bss	    dec	    hex	filename
  26644	    148	   3360	  30152	   75c8	BMS_teste.elf
 
16:56:44 **** Incremental Build of configuration Debug for project BMS_teste ****
make all 
make: Nothing to be done for 'all'.
16:56:59 **** Incremental Build of configuration Debug for project BMS_teste ****
make all 
make: Nothing to be done for 'all'.
16:57:07 **** Incremental Build of configuration Debug for project BMS_teste ****
make all 
make: Nothing to be done for 'all'.
16:57:24 **** Incremental Build of configuration Debug for project BMS_teste ****
make all 
make: Nothing to be done for 'all'.
18:45:18 **** Incremental Build of configuration Debug for project BMS_teste ****
make all 
Building file: ../Src/BMS.c
Invoking: MCU GCC Compiler
C:\Users\Rodolfo Lessa\Desktop\BMS_rep_of\BMS_teste\Debug
arm-none-eabi-gcc -mcpu=cortex-m3 -mthumb -mfloat-abi=soft '-D__weak=__attribute__((weak))' '-D__packed=__attribute__((__packed__))' -DUSE_HAL_DRIVER -DSTM32F103xB -I"C:/Users/Rodolfo Lessa/Desktop/BMS_rep_of/BMS_teste/Inc" -I"C:/Users/Rodolfo Lessa/Desktop/BMS_rep_of/BMS_teste/Drivers/STM32F1xx_HAL_Driver/Inc" -I"C:/Users/Rodolfo Lessa/Desktop/BMS_rep_of/BMS_teste/Drivers/STM32F1xx_HAL_Driver/Inc/Legacy" -I"C:/Users/Rodolfo Lessa/Desktop/BMS_rep_of/BMS_teste/Drivers/CMSIS/Device/ST/STM32F1xx/Include" -I"C:/Users/Rodolfo Lessa/Desktop/BMS_rep_of/BMS_teste/Drivers/CMSIS/Include"  -Og -g3 -Wall -fmessage-length=0 -ffunction-sections -c -fmessage-length=0 -MMD -MP -MF"Src/BMS.d" -MT"Src/BMS.o" -o "Src/BMS.o" "../Src/BMS.c"
../Src/BMS.c: In function 'BMS_init':
../Src/BMS.c:87:2: warning: implicit declaration of function 'CAN_ConfigFilter' [-Wimplicit-function-declaration]
  CAN_ConfigFilter();
  ^~~~~~~~~~~~~~~~
../Src/BMS.c:88:2: warning: implicit declaration of function 'CAN_ConfigFrames' [-Wimplicit-function-declaration]
  CAN_ConfigFrames();
  ^~~~~~~~~~~~~~~~
../Src/BMS.c:89:2: warning: implicit declaration of function 'CAN_Receive' [-Wimplicit-function-declaration]
  CAN_Receive();
  ^~~~~~~~~~~
../Src/BMS.c: In function 'BMS_can':
../Src/BMS.c:375:3: warning: this 'if' clause does not guard... [-Wmisleading-indentation]
   if(BMS->sensor_v[i]->v_min_cell < v_min)
   ^~
../Src/BMS.c:377:4: note: ...this statement, but the latter is misleadingly indented as if it is guarded by the 'if'
    aux = i;
    ^~~
../Src/BMS.c:418:5: warning: implicit declaration of function 'CAN_Transmit' [-Wimplicit-function-declaration]
     CAN_Transmit(can_vector, CAN_ID_TABLE[i][j]);
     ^~~~~~~~~~~~
../Src/BMS.c:420:5: warning: implicit declaration of function 'sendString' [-Wimplicit-function-declaration]
     sendString(CAN_ID_TABLE[i][j], BMS->sensor_v[i]->v_cell[(j * 4)],
     ^~~~~~~~~~
../Src/BMS.c: In function 'BMS_uart':
../Src/BMS.c:556:2: warning: implicit declaration of function 'UART_print' [-Wimplicit-function-declaration]
  UART_print("\n\n\n\n"  );//HEADER
  ^~~~~~~~~~
../Src/BMS.c:558:2: warning: implicit declaration of function 'UART_print_error_flag' [-Wimplicit-function-declaration]
  UART_print_error_flag(BMS->error_flag);
  ^~~~~~~~~~~~~~~~~~~~~
Finished building: ../Src/BMS.c
 
Building target: BMS_teste.elf
Invoking: MCU GCC Linker
arm-none-eabi-gcc -mcpu=cortex-m3 -mthumb -mfloat-abi=soft -specs=nosys.specs -specs=nano.specs -T"../STM32F103C8Tx_FLASH.ld" -Wl,-Map=output.map -Wl,--gc-sections -o "BMS_teste.elf" @"objects.list"   -lm
Finished building target: BMS_teste.elf
 
make --no-print-directory post-build
Generating hex and Printing size information:
arm-none-eabi-objcopy -O ihex "BMS_teste.elf" "BMS_teste.hex"
arm-none-eabi-size "BMS_teste.elf"
   text	   data	    bss	    dec	    hex	filename
  26636	    148	   3360	  30144	   75c0	BMS_teste.elf
 
18:45:55 **** Incremental Build of configuration Debug for project BMS_teste ****
make all 
make: Nothing to be done for 'all'.
18:46:59 **** Incremental Build of configuration Debug for project BMS_teste ****
make all 
Building file: ../Src/BMS.c
Invoking: MCU GCC Compiler
C:\Users\Rodolfo Lessa\Desktop\BMS_rep_of\BMS_teste\Debug
arm-none-eabi-gcc -mcpu=cortex-m3 -mthumb -mfloat-abi=soft '-D__weak=__attribute__((weak))' '-D__packed=__attribute__((__packed__))' -DUSE_HAL_DRIVER -DSTM32F103xB -I"C:/Users/Rodolfo Lessa/Desktop/BMS_rep_of/BMS_teste/Inc" -I"C:/Users/Rodolfo Lessa/Desktop/BMS_rep_of/BMS_teste/Drivers/STM32F1xx_HAL_Driver/Inc" -I"C:/Users/Rodolfo Lessa/Desktop/BMS_rep_of/BMS_teste/Drivers/STM32F1xx_HAL_Driver/Inc/Legacy" -I"C:/Users/Rodolfo Lessa/Desktop/BMS_rep_of/BMS_teste/Drivers/CMSIS/Device/ST/STM32F1xx/Include" -I"C:/Users/Rodolfo Lessa/Desktop/BMS_rep_of/BMS_teste/Drivers/CMSIS/Include"  -Og -g3 -Wall -fmessage-length=0 -ffunction-sections -c -fmessage-length=0 -MMD -MP -MF"Src/BMS.d" -MT"Src/BMS.o" -o "Src/BMS.o" "../Src/BMS.c"
../Src/BMS.c: In function 'BMS_init':
../Src/BMS.c:87:2: warning: implicit declaration of function 'CAN_ConfigFilter' [-Wimplicit-function-declaration]
  CAN_ConfigFilter();
  ^~~~~~~~~~~~~~~~
../Src/BMS.c:88:2: warning: implicit declaration of function 'CAN_ConfigFrames' [-Wimplicit-function-declaration]
  CAN_ConfigFrames();
  ^~~~~~~~~~~~~~~~
../Src/BMS.c:89:2: warning: implicit declaration of function 'CAN_Receive' [-Wimplicit-function-declaration]
  CAN_Receive();
  ^~~~~~~~~~~
../Src/BMS.c: In function 'BMS_can':
../Src/BMS.c:375:3: warning: this 'if' clause does not guard... [-Wmisleading-indentation]
   if(BMS->sensor_v[i]->v_min_cell < v_min)
   ^~
../Src/BMS.c:377:4: note: ...this statement, but the latter is misleadingly indented as if it is guarded by the 'if'
    aux = i;
    ^~~
../Src/BMS.c:418:5: warning: implicit declaration of function 'CAN_Transmit' [-Wimplicit-function-declaration]
     CAN_Transmit(can_vector, CAN_ID_TABLE[i][j]);
     ^~~~~~~~~~~~
../Src/BMS.c:420:5: warning: implicit declaration of function 'sendString' [-Wimplicit-function-declaration]
     sendString(CAN_ID_TABLE[i][j], BMS->sensor_v[i]->v_cell[(j * 4)],
     ^~~~~~~~~~
../Src/BMS.c: In function 'BMS_uart':
../Src/BMS.c:556:2: warning: implicit declaration of function 'UART_print' [-Wimplicit-function-declaration]
  UART_print("\n\n\n\n"  );//HEADER
  ^~~~~~~~~~
../Src/BMS.c:558:2: warning: implicit declaration of function 'UART_print_error_flag' [-Wimplicit-function-declaration]
  UART_print_error_flag(BMS->error_flag);
  ^~~~~~~~~~~~~~~~~~~~~
Finished building: ../Src/BMS.c
 
Building target: BMS_teste.elf
Invoking: MCU GCC Linker
arm-none-eabi-gcc -mcpu=cortex-m3 -mthumb -mfloat-abi=soft -specs=nosys.specs -specs=nano.specs -T"../STM32F103C8Tx_FLASH.ld" -Wl,-Map=output.map -Wl,--gc-sections -o "BMS_teste.elf" @"objects.list"   -lm
Finished building target: BMS_teste.elf
 
make --no-print-directory post-build
Generating hex and Printing size information:
arm-none-eabi-objcopy -O ihex "BMS_teste.elf" "BMS_teste.hex"
arm-none-eabi-size "BMS_teste.elf"
   text	   data	    bss	    dec	    hex	filename
  29028	    152	   3360	  32540	   7f1c	BMS_teste.elf
 
19:01:07 **** Incremental Build of configuration Debug for project BMS_teste ****
make all 
Building file: ../Src/main.c
Invoking: MCU GCC Compiler
C:\Users\Rodolfo Lessa\Desktop\BMS_rep_of\BMS_teste\Debug
arm-none-eabi-gcc -mcpu=cortex-m3 -mthumb -mfloat-abi=soft '-D__weak=__attribute__((weak))' '-D__packed=__attribute__((__packed__))' -DUSE_HAL_DRIVER -DSTM32F103xB -I"C:/Users/Rodolfo Lessa/Desktop/BMS_rep_of/BMS_teste/Inc" -I"C:/Users/Rodolfo Lessa/Desktop/BMS_rep_of/BMS_teste/Drivers/STM32F1xx_HAL_Driver/Inc" -I"C:/Users/Rodolfo Lessa/Desktop/BMS_rep_of/BMS_teste/Drivers/STM32F1xx_HAL_Driver/Inc/Legacy" -I"C:/Users/Rodolfo Lessa/Desktop/BMS_rep_of/BMS_teste/Drivers/CMSIS/Device/ST/STM32F1xx/Include" -I"C:/Users/Rodolfo Lessa/Desktop/BMS_rep_of/BMS_teste/Drivers/CMSIS/Include"  -Og -g3 -Wall -fmessage-length=0 -ffunction-sections -c -fmessage-length=0 -MMD -MP -MF"Src/main.d" -MT"Src/main.o" -o "Src/main.o" "../Src/main.c"
../Src/main.c: In function 'main':
../Src/main.c:208:17: warning: unused variable 'comm_flag' [-Wunused-variable]
  extern uint8_t comm_flag;
                 ^~~~~~~~~
Finished building: ../Src/main.c
 
Building target: BMS_teste.elf
Invoking: MCU GCC Linker
arm-none-eabi-gcc -mcpu=cortex-m3 -mthumb -mfloat-abi=soft -specs=nosys.specs -specs=nano.specs -T"../STM32F103C8Tx_FLASH.ld" -Wl,-Map=output.map -Wl,--gc-sections -o "BMS_teste.elf" @"objects.list"   -lm
Finished building target: BMS_teste.elf
 
make --no-print-directory post-build
Generating hex and Printing size information:
arm-none-eabi-objcopy -O ihex "BMS_teste.elf" "BMS_teste.hex"
arm-none-eabi-size "BMS_teste.elf"
   text	   data	    bss	    dec	    hex	filename
  29028	    152	   3360	  32540	   7f1c	BMS_teste.elf
 
19:01:35 **** Incremental Build of configuration Debug for project BMS_teste ****
make all 
make: Nothing to be done for 'all'.
19:01:37 **** Incremental Build of configuration Debug for project BMS_teste ****
make all 
make: Nothing to be done for 'all'.
19:01:57 **** Incremental Build of configuration Debug for project BMS_teste ****
make all 
Building file: ../Src/main.c
Invoking: MCU GCC Compiler
C:\Users\Rodolfo Lessa\Desktop\BMS_rep_of\BMS_teste\Debug
arm-none-eabi-gcc -mcpu=cortex-m3 -mthumb -mfloat-abi=soft '-D__weak=__attribute__((weak))' '-D__packed=__attribute__((__packed__))' -DUSE_HAL_DRIVER -DSTM32F103xB -I"C:/Users/Rodolfo Lessa/Desktop/BMS_rep_of/BMS_teste/Inc" -I"C:/Users/Rodolfo Lessa/Desktop/BMS_rep_of/BMS_teste/Drivers/STM32F1xx_HAL_Driver/Inc" -I"C:/Users/Rodolfo Lessa/Desktop/BMS_rep_of/BMS_teste/Drivers/STM32F1xx_HAL_Driver/Inc/Legacy" -I"C:/Users/Rodolfo Lessa/Desktop/BMS_rep_of/BMS_teste/Drivers/CMSIS/Device/ST/STM32F1xx/Include" -I"C:/Users/Rodolfo Lessa/Desktop/BMS_rep_of/BMS_teste/Drivers/CMSIS/Include"  -Og -g3 -Wall -fmessage-length=0 -ffunction-sections -c -fmessage-length=0 -MMD -MP -MF"Src/main.d" -MT"Src/main.o" -o "Src/main.o" "../Src/main.c"
../Src/main.c: In function 'main':
../Src/main.c:208:17: warning: unused variable 'comm_flag' [-Wunused-variable]
  extern uint8_t comm_flag;
                 ^~~~~~~~~
Finished building: ../Src/main.c
 
Building target: BMS_teste.elf
Invoking: MCU GCC Linker
arm-none-eabi-gcc -mcpu=cortex-m3 -mthumb -mfloat-abi=soft -specs=nosys.specs -specs=nano.specs -T"../STM32F103C8Tx_FLASH.ld" -Wl,-Map=output.map -Wl,--gc-sections -o "BMS_teste.elf" @"objects.list"   -lm
Finished building target: BMS_teste.elf
 
make --no-print-directory post-build
Generating hex and Printing size information:
arm-none-eabi-objcopy -O ihex "BMS_teste.elf" "BMS_teste.hex"
arm-none-eabi-size "BMS_teste.elf"
   text	   data	    bss	    dec	    hex	filename
  29028	    152	   3360	  32540	   7f1c	BMS_teste.elf
 
19:03:14 **** Incremental Build of configuration Debug for project BMS_teste ****
make all 
Building file: ../Src/main.c
Invoking: MCU GCC Compiler
C:\Users\Rodolfo Lessa\Desktop\BMS_rep_of\BMS_teste\Debug
arm-none-eabi-gcc -mcpu=cortex-m3 -mthumb -mfloat-abi=soft '-D__weak=__attribute__((weak))' '-D__packed=__attribute__((__packed__))' -DUSE_HAL_DRIVER -DSTM32F103xB -I"C:/Users/Rodolfo Lessa/Desktop/BMS_rep_of/BMS_teste/Inc" -I"C:/Users/Rodolfo Lessa/Desktop/BMS_rep_of/BMS_teste/Drivers/STM32F1xx_HAL_Driver/Inc" -I"C:/Users/Rodolfo Lessa/Desktop/BMS_rep_of/BMS_teste/Drivers/STM32F1xx_HAL_Driver/Inc/Legacy" -I"C:/Users/Rodolfo Lessa/Desktop/BMS_rep_of/BMS_teste/Drivers/CMSIS/Device/ST/STM32F1xx/Include" -I"C:/Users/Rodolfo Lessa/Desktop/BMS_rep_of/BMS_teste/Drivers/CMSIS/Include"  -Og -g3 -Wall -fmessage-length=0 -ffunction-sections -c -fmessage-length=0 -MMD -MP -MF"Src/main.d" -MT"Src/main.o" -o "Src/main.o" "../Src/main.c"
../Src/main.c: In function 'main':
../Src/main.c:208:17: warning: unused variable 'comm_flag' [-Wunused-variable]
  extern uint8_t comm_flag;
                 ^~~~~~~~~
Finished building: ../Src/main.c
 
Building target: BMS_teste.elf
Invoking: MCU GCC Linker
arm-none-eabi-gcc -mcpu=cortex-m3 -mthumb -mfloat-abi=soft -specs=nosys.specs -specs=nano.specs -T"../STM32F103C8Tx_FLASH.ld" -Wl,-Map=output.map -Wl,--gc-sections -o "BMS_teste.elf" @"objects.list"   -lm
Finished building target: BMS_teste.elf
 
make --no-print-directory post-build
Generating hex and Printing size information:
arm-none-eabi-objcopy -O ihex "BMS_teste.elf" "BMS_teste.hex"
arm-none-eabi-size "BMS_teste.elf"
   text	   data	    bss	    dec	    hex	filename
  29028	    152	   3360	  32540	   7f1c	BMS_teste.elf
 
19:03:39 **** Incremental Build of configuration Debug for project BMS_teste ****
make all 
Building file: ../Src/main.c
Invoking: MCU GCC Compiler
C:\Users\Rodolfo Lessa\Desktop\BMS_rep_of\BMS_teste\Debug
arm-none-eabi-gcc -mcpu=cortex-m3 -mthumb -mfloat-abi=soft '-D__weak=__attribute__((weak))' '-D__packed=__attribute__((__packed__))' -DUSE_HAL_DRIVER -DSTM32F103xB -I"C:/Users/Rodolfo Lessa/Desktop/BMS_rep_of/BMS_teste/Inc" -I"C:/Users/Rodolfo Lessa/Desktop/BMS_rep_of/BMS_teste/Drivers/STM32F1xx_HAL_Driver/Inc" -I"C:/Users/Rodolfo Lessa/Desktop/BMS_rep_of/BMS_teste/Drivers/STM32F1xx_HAL_Driver/Inc/Legacy" -I"C:/Users/Rodolfo Lessa/Desktop/BMS_rep_of/BMS_teste/Drivers/CMSIS/Device/ST/STM32F1xx/Include" -I"C:/Users/Rodolfo Lessa/Desktop/BMS_rep_of/BMS_teste/Drivers/CMSIS/Include"  -Og -g3 -Wall -fmessage-length=0 -ffunction-sections -c -fmessage-length=0 -MMD -MP -MF"Src/main.d" -MT"Src/main.o" -o "Src/main.o" "../Src/main.c"
../Src/main.c: In function 'main':
../Src/main.c:208:17: warning: unused variable 'comm_flag' [-Wunused-variable]
  extern uint8_t comm_flag;
                 ^~~~~~~~~
Finished building: ../Src/main.c
 
Building target: BMS_teste.elf
Invoking: MCU GCC Linker
arm-none-eabi-gcc -mcpu=cortex-m3 -mthumb -mfloat-abi=soft -specs=nosys.specs -specs=nano.specs -T"../STM32F103C8Tx_FLASH.ld" -Wl,-Map=output.map -Wl,--gc-sections -o "BMS_teste.elf" @"objects.list"   -lm
Finished building target: BMS_teste.elf
 
make --no-print-directory post-build
Generating hex and Printing size information:
arm-none-eabi-objcopy -O ihex "BMS_teste.elf" "BMS_teste.hex"
arm-none-eabi-size "BMS_teste.elf"
   text	   data	    bss	    dec	    hex	filename
  29028	    152	   3360	  32540	   7f1c	BMS_teste.elf
 
19:09:39 **** Incremental Build of configuration Debug for project BMS_teste ****
make all 
Building file: ../Src/BMS.c
Invoking: MCU GCC Compiler
C:\Users\Rodolfo Lessa\Desktop\BMS_rep_of\BMS_teste\Debug
arm-none-eabi-gcc -mcpu=cortex-m3 -mthumb -mfloat-abi=soft '-D__weak=__attribute__((weak))' '-D__packed=__attribute__((__packed__))' -DUSE_HAL_DRIVER -DSTM32F103xB -I"C:/Users/Rodolfo Lessa/Desktop/BMS_rep_of/BMS_teste/Inc" -I"C:/Users/Rodolfo Lessa/Desktop/BMS_rep_of/BMS_teste/Drivers/STM32F1xx_HAL_Driver/Inc" -I"C:/Users/Rodolfo Lessa/Desktop/BMS_rep_of/BMS_teste/Drivers/STM32F1xx_HAL_Driver/Inc/Legacy" -I"C:/Users/Rodolfo Lessa/Desktop/BMS_rep_of/BMS_teste/Drivers/CMSIS/Device/ST/STM32F1xx/Include" -I"C:/Users/Rodolfo Lessa/Desktop/BMS_rep_of/BMS_teste/Drivers/CMSIS/Include"  -Og -g3 -Wall -fmessage-length=0 -ffunction-sections -c -fmessage-length=0 -MMD -MP -MF"Src/BMS.d" -MT"Src/BMS.o" -o "Src/BMS.o" "../Src/BMS.c"
../Src/BMS.c: In function 'BMS_init':
../Src/BMS.c:87:2: warning: implicit declaration of function 'CAN_ConfigFilter' [-Wimplicit-function-declaration]
  CAN_ConfigFilter();
  ^~~~~~~~~~~~~~~~
../Src/BMS.c:88:2: warning: implicit declaration of function 'CAN_ConfigFrames' [-Wimplicit-function-declaration]
  CAN_ConfigFrames();
  ^~~~~~~~~~~~~~~~
../Src/BMS.c:89:2: warning: implicit declaration of function 'CAN_Receive' [-Wimplicit-function-declaration]
  CAN_Receive();
  ^~~~~~~~~~~
../Src/BMS.c: In function 'BMS_can':
../Src/BMS.c:375:3: warning: this 'if' clause does not guard... [-Wmisleading-indentation]
   if(BMS->sensor_v[i]->v_min_cell < v_min)
   ^~
../Src/BMS.c:377:4: note: ...this statement, but the latter is misleadingly indented as if it is guarded by the 'if'
    aux = i;
    ^~~
../Src/BMS.c:418:5: warning: implicit declaration of function 'CAN_Transmit' [-Wimplicit-function-declaration]
     CAN_Transmit(can_vector, CAN_ID_TABLE[i][j]);
     ^~~~~~~~~~~~
../Src/BMS.c:420:5: warning: implicit declaration of function 'sendString' [-Wimplicit-function-declaration]
     sendString(CAN_ID_TABLE[i][j], BMS->sensor_v[i]->v_cell[(j * 4)],
     ^~~~~~~~~~
../Src/BMS.c: In function 'BMS_uart':
../Src/BMS.c:556:2: warning: implicit declaration of function 'UART_print' [-Wimplicit-function-declaration]
  UART_print("\n\n\n\n"  );//HEADER
  ^~~~~~~~~~
../Src/BMS.c:558:2: warning: implicit declaration of function 'UART_print_error_flag' [-Wimplicit-function-declaration]
  UART_print_error_flag(BMS->error_flag);
  ^~~~~~~~~~~~~~~~~~~~~
Finished building: ../Src/BMS.c
 
Building file: ../Src/DHAB_s125.c
Invoking: MCU GCC Compiler
C:\Users\Rodolfo Lessa\Desktop\BMS_rep_of\BMS_teste\Debug
arm-none-eabi-gcc -mcpu=cortex-m3 -mthumb -mfloat-abi=soft '-D__weak=__attribute__((weak))' '-D__packed=__attribute__((__packed__))' -DUSE_HAL_DRIVER -DSTM32F103xB -I"C:/Users/Rodolfo Lessa/Desktop/BMS_rep_of/BMS_teste/Inc" -I"C:/Users/Rodolfo Lessa/Desktop/BMS_rep_of/BMS_teste/Drivers/STM32F1xx_HAL_Driver/Inc" -I"C:/Users/Rodolfo Lessa/Desktop/BMS_rep_of/BMS_teste/Drivers/STM32F1xx_HAL_Driver/Inc/Legacy" -I"C:/Users/Rodolfo Lessa/Desktop/BMS_rep_of/BMS_teste/Drivers/CMSIS/Device/ST/STM32F1xx/Include" -I"C:/Users/Rodolfo Lessa/Desktop/BMS_rep_of/BMS_teste/Drivers/CMSIS/Include"  -Og -g3 -Wall -fmessage-length=0 -ffunction-sections -c -fmessage-length=0 -MMD -MP -MF"Src/DHAB_s125.d" -MT"Src/DHAB_s125.o" -o "Src/DHAB_s125.o" "../Src/DHAB_s125.c"
Finished building: ../Src/DHAB_s125.c
 
Building file: ../Src/LED.c
Invoking: MCU GCC Compiler
C:\Users\Rodolfo Lessa\Desktop\BMS_rep_of\BMS_teste\Debug
arm-none-eabi-gcc -mcpu=cortex-m3 -mthumb -mfloat-abi=soft '-D__weak=__attribute__((weak))' '-D__packed=__attribute__((__packed__))' -DUSE_HAL_DRIVER -DSTM32F103xB -I"C:/Users/Rodolfo Lessa/Desktop/BMS_rep_of/BMS_teste/Inc" -I"C:/Users/Rodolfo Lessa/Desktop/BMS_rep_of/BMS_teste/Drivers/STM32F1xx_HAL_Driver/Inc" -I"C:/Users/Rodolfo Lessa/Desktop/BMS_rep_of/BMS_teste/Drivers/STM32F1xx_HAL_Driver/Inc/Legacy" -I"C:/Users/Rodolfo Lessa/Desktop/BMS_rep_of/BMS_teste/Drivers/CMSIS/Device/ST/STM32F1xx/Include" -I"C:/Users/Rodolfo Lessa/Desktop/BMS_rep_of/BMS_teste/Drivers/CMSIS/Include"  -Og -g3 -Wall -fmessage-length=0 -ffunction-sections -c -fmessage-length=0 -MMD -MP -MF"Src/LED.d" -MT"Src/LED.o" -o "Src/LED.o" "../Src/LED.c"
Finished building: ../Src/LED.c
 
Building file: ../Src/LTC6804.c
Invoking: MCU GCC Compiler
C:\Users\Rodolfo Lessa\Desktop\BMS_rep_of\BMS_teste\Debug
arm-none-eabi-gcc -mcpu=cortex-m3 -mthumb -mfloat-abi=soft '-D__weak=__attribute__((weak))' '-D__packed=__attribute__((__packed__))' -DUSE_HAL_DRIVER -DSTM32F103xB -I"C:/Users/Rodolfo Lessa/Desktop/BMS_rep_of/BMS_teste/Inc" -I"C:/Users/Rodolfo Lessa/Desktop/BMS_rep_of/BMS_teste/Drivers/STM32F1xx_HAL_Driver/Inc" -I"C:/Users/Rodolfo Lessa/Desktop/BMS_rep_of/BMS_teste/Drivers/STM32F1xx_HAL_Driver/Inc/Legacy" -I"C:/Users/Rodolfo Lessa/Desktop/BMS_rep_of/BMS_teste/Drivers/CMSIS/Device/ST/STM32F1xx/Include" -I"C:/Users/Rodolfo Lessa/Desktop/BMS_rep_of/BMS_teste/Drivers/CMSIS/Include"  -Og -g3 -Wall -fmessage-length=0 -ffunction-sections -c -fmessage-length=0 -MMD -MP -MF"Src/LTC6804.d" -MT"Src/LTC6804.o" -o "Src/LTC6804.o" "../Src/LTC6804.c"
../Src/LTC6804.c: In function 'LTC6804_init':
../Src/LTC6804.c:333:2: warning: implicit declaration of function 'UART_print' [-Wimplicit-function-declaration]
  UART_print("%x", LTC6804_pec_generator(&data, 1, WRITE));
  ^~~~~~~~~~
Finished building: ../Src/LTC6804.c
 
Building file: ../Src/main.c
Invoking: MCU GCC Compiler
C:\Users\Rodolfo Lessa\Desktop\BMS_rep_of\BMS_teste\Debug
arm-none-eabi-gcc -mcpu=cortex-m3 -mthumb -mfloat-abi=soft '-D__weak=__attribute__((weak))' '-D__packed=__attribute__((__packed__))' -DUSE_HAL_DRIVER -DSTM32F103xB -I"C:/Users/Rodolfo Lessa/Desktop/BMS_rep_of/BMS_teste/Inc" -I"C:/Users/Rodolfo Lessa/Desktop/BMS_rep_of/BMS_teste/Drivers/STM32F1xx_HAL_Driver/Inc" -I"C:/Users/Rodolfo Lessa/Desktop/BMS_rep_of/BMS_teste/Drivers/STM32F1xx_HAL_Driver/Inc/Legacy" -I"C:/Users/Rodolfo Lessa/Desktop/BMS_rep_of/BMS_teste/Drivers/CMSIS/Device/ST/STM32F1xx/Include" -I"C:/Users/Rodolfo Lessa/Desktop/BMS_rep_of/BMS_teste/Drivers/CMSIS/Include"  -Og -g3 -Wall -fmessage-length=0 -ffunction-sections -c -fmessage-length=0 -MMD -MP -MF"Src/main.d" -MT"Src/main.o" -o "Src/main.o" "../Src/main.c"
../Src/main.c: In function 'main':
../Src/main.c:208:17: warning: unused variable 'comm_flag' [-Wunused-variable]
  extern uint8_t comm_flag;
                 ^~~~~~~~~
Finished building: ../Src/main.c
 
Building file: ../Src/nextion_functions.c
Invoking: MCU GCC Compiler
C:\Users\Rodolfo Lessa\Desktop\BMS_rep_of\BMS_teste\Debug
arm-none-eabi-gcc -mcpu=cortex-m3 -mthumb -mfloat-abi=soft '-D__weak=__attribute__((weak))' '-D__packed=__attribute__((__packed__))' -DUSE_HAL_DRIVER -DSTM32F103xB -I"C:/Users/Rodolfo Lessa/Desktop/BMS_rep_of/BMS_teste/Inc" -I"C:/Users/Rodolfo Lessa/Desktop/BMS_rep_of/BMS_teste/Drivers/STM32F1xx_HAL_Driver/Inc" -I"C:/Users/Rodolfo Lessa/Desktop/BMS_rep_of/BMS_teste/Drivers/STM32F1xx_HAL_Driver/Inc/Legacy" -I"C:/Users/Rodolfo Lessa/Desktop/BMS_rep_of/BMS_teste/Drivers/CMSIS/Device/ST/STM32F1xx/Include" -I"C:/Users/Rodolfo Lessa/Desktop/BMS_rep_of/BMS_teste/Drivers/CMSIS/Include"  -Og -g3 -Wall -fmessage-length=0 -ffunction-sections -c -fmessage-length=0 -MMD -MP -MF"Src/nextion_functions.d" -MT"Src/nextion_functions.o" -o "Src/nextion_functions.o" "../Src/nextion_functions.c"
../Src/nextion_functions.c: In function 'uart3MessageReceived':
../Src/nextion_functions.c:21:7: warning: implicit declaration of function 'NexPageShow' [-Wimplicit-function-declaration]
       NexPageShow(N_PAGE0);
       ^~~~~~~~~~~
../Src/nextion_functions.c: In function 'nextLoop':
../Src/nextion_functions.c:81:4: warning: implicit declaration of function 'NexTextSetText' [-Wimplicit-function-declaration]
    NexTextSetText(2, "Low Voltage");
    ^~~~~~~~~~~~~~
../Src/nextion_functions.c:96:3: warning: implicit declaration of function 'NexTextGetText' [-Wimplicit-function-declaration]
   NexTextGetText(2,"");
   ^~~~~~~~~~~~~~
../Src/nextion_functions.c:99:2: warning: implicit declaration of function 'NexProgressBarSetValue' [-Wimplicit-function-declaration]
  NexProgressBarSetValue(0, 0);
  ^~~~~~~~~~~~~~~~~~~~~~
../Src/nextion_functions.c:105:11: warning: implicit declaration of function 'NexVariableSetValue' [-Wimplicit-function-declaration]
           NexVariableSetValue(0, BMS->AIR);
           ^~~~~~~~~~~~~~~~~~~
../Src/nextion_functions.c:106:7: warning: implicit declaration of function 'NexNumberSetValue' [-Wimplicit-function-declaration]
       NexNumberSetValue(0, 0);
       ^~~~~~~~~~~~~~~~~
../Src/nextion_functions.c:107:7: warning: implicit declaration of function 'NexXfloatSetValue' [-Wimplicit-function-declaration]
       NexXfloatSetValue(0, 0);
       ^~~~~~~~~~~~~~~~~
../Src/nextion_functions.c:170:5: warning: implicit declaration of function 'NexXfloatSet1Value' [-Wimplicit-function-declaration]
     NexXfloatSet1Value(15, 0);
     ^~~~~~~~~~~~~~~~~~
../Src/nextion_functions.c: In function 'testnexLoop':
../Src/nextion_functions.c:409:4: warning: this 'else' clause does not guard... [-Wmisleading-indentation]
    else aux_txt = aux_txt + 1;
    ^~~~
../Src/nextion_functions.c:411:2: note: ...this statement, but the latter is misleadingly indented as if it is guarded by the 'else'
  NexProgressBarSetValue(0,percent);
  ^~~~~~~~~~~~~~~~~~~~~~
Finished building: ../Src/nextion_functions.c
 
Building file: ../Src/usart.c
Invoking: MCU GCC Compiler
C:\Users\Rodolfo Lessa\Desktop\BMS_rep_of\BMS_teste\Debug
arm-none-eabi-gcc -mcpu=cortex-m3 -mthumb -mfloat-abi=soft '-D__weak=__attribute__((weak))' '-D__packed=__attribute__((__packed__))' -DUSE_HAL_DRIVER -DSTM32F103xB -I"C:/Users/Rodolfo Lessa/Desktop/BMS_rep_of/BMS_teste/Inc" -I"C:/Users/Rodolfo Lessa/Desktop/BMS_rep_of/BMS_teste/Drivers/STM32F1xx_HAL_Driver/Inc" -I"C:/Users/Rodolfo Lessa/Desktop/BMS_rep_of/BMS_teste/Drivers/STM32F1xx_HAL_Driver/Inc/Legacy" -I"C:/Users/Rodolfo Lessa/Desktop/BMS_rep_of/BMS_teste/Drivers/CMSIS/Device/ST/STM32F1xx/Include" -I"C:/Users/Rodolfo Lessa/Desktop/BMS_rep_of/BMS_teste/Drivers/CMSIS/Include"  -Og -g3 -Wall -fmessage-length=0 -ffunction-sections -c -fmessage-length=0 -MMD -MP -MF"Src/usart.d" -MT"Src/usart.o" -o "Src/usart.o" "../Src/usart.c"
../Src/usart.c: In function 'sendString':
../Src/usart.c:249:30: warning: pointer targets in passing argument 2 of 'HAL_UART_Transmit' differ in signedness [-Wpointer-sign]
  HAL_UART_Transmit (&huart1, xbeeBuffer, len, 100);
                              ^~~~~~~~~~
In file included from C:/Users/Rodolfo Lessa/Desktop/BMS_rep_of/BMS_teste/Inc/stm32f1xx_hal_conf.h:320:0,
                 from C:/Users/Rodolfo Lessa/Desktop/BMS_rep_of/BMS_teste/Drivers/STM32F1xx_HAL_Driver/Inc/stm32f1xx_hal.h:46,
                 from C:/Users/Rodolfo Lessa/Desktop/BMS_rep_of/BMS_teste/Inc/usart.h:47,
                 from ../Src/usart.c:41:
C:/Users/Rodolfo Lessa/Desktop/BMS_rep_of/BMS_teste/Drivers/STM32F1xx_HAL_Driver/Inc/stm32f1xx_hal_uart.h:635:19: note: expected 'uint8_t * {aka unsigned char *}' but argument is of type 'char *'
 HAL_StatusTypeDef HAL_UART_Transmit(UART_HandleTypeDef *huart, uint8_t *pData, uint16_t Size, uint32_t Timeout);
                   ^~~~~~~~~~~~~~~~~
Finished building: ../Src/usart.c
 
Building target: BMS_teste.elf
Invoking: MCU GCC Linker
arm-none-eabi-gcc -mcpu=cortex-m3 -mthumb -mfloat-abi=soft -specs=nosys.specs -specs=nano.specs -T"../STM32F103C8Tx_FLASH.ld" -Wl,-Map=output.map -Wl,--gc-sections -o "BMS_teste.elf" @"objects.list"   -lm
Finished building target: BMS_teste.elf
 
make --no-print-directory post-build
Generating hex and Printing size information:
arm-none-eabi-objcopy -O ihex "BMS_teste.elf" "BMS_teste.hex"
arm-none-eabi-size "BMS_teste.elf"
   text	   data	    bss	    dec	    hex	filename
  29020	    152	   3360	  32532	   7f14	BMS_teste.elf
 
